"../../../Engine/Content/Functions/Engine_MaterialFunctions01/Gradient/LinearGradient.uasset" 0
"../../../Engine/Content/Functions/Engine_MaterialFunctions01/ImageAdjustment/CheapContrast.uasset" 1
"../../../Engine/Content/Functions/Engine_MaterialFunctions01/ImageAdjustment/SCurve.uasset" 2
"../../../Engine/Content/MapTemplates/TilingNoise05.uasset" 3
"../../../Engine/Content/Functions/Engine_MaterialFunctions01/Texturing/TriplanarCameraVector.uasset" 4
"../../../Engine/Content/Functions/Engine_MaterialFunctions02/Math/AddComponents.uasset" 5
"../../../Engine/Content/Functions/Engine_MaterialFunctions02/Texturing/WorldPositionWithScale.uasset" 6
"../../../Engine/Content/Functions/Engine_MaterialFunctions02/Utility/BreakOutFloat2Components.uasset" 7
"../../../Engine/Content/Functions/Engine_MaterialFunctions02/Utility/BreakOutFloat3Components.uasset" 8
"../../../Engine/Content/Functions/Engine_MaterialFunctions02/Utility/MakeFloat3.uasset" 9
"../../../Engine/Content/Functions/Engine_MaterialFunctions02/Utility/Sign.uasset" 10
"../../../Engine/Content/Functions/Engine_MaterialFunctions02/Utility/Round.uasset" 11
"../../../Engine/Content/EngineMaterials/BlendFunc_DefBase.uasset" 12
"../../../Engine/Content/EngineMaterials/BlendFunc_DefBlend.uasset" 13
"../../../Engine/Content/Functions/Engine_MaterialFunctions03/Blends/Blend_Difference.uasset" 14
"../../../../../GitHub/Raw-Brawler/RawBrawler/Content/AdvancedCelShader/CelShader/MaterialFunctions/Posterize.uasset" 15
"../../../../../GitHub/Raw-Brawler/RawBrawler/Content/AdvancedCelShader/CelShader/MaterialFunctions/CelPosterize.uasset" 16
"../../../../../GitHub/Raw-Brawler/RawBrawler/Content/AdvancedCelShader/CelShader/MaterialFunctions/CustomBlur1.uasset" 17
"../../../../../GitHub/Raw-Brawler/RawBrawler/Content/AdvancedCelShader/CelShader/MaterialFunctions/CustomBlur2.uasset" 18
"../../../../../GitHub/Raw-Brawler/RawBrawler/Content/AdvancedCelShader/CelShader/MaterialFunctions/DepthMask.uasset" 19
"../../../../../GitHub/Raw-Brawler/RawBrawler/Content/AdvancedCelShader/CelShader/MaterialFunctions/EdgeDetectColour.uasset" 20
"../../../../../GitHub/Raw-Brawler/RawBrawler/Content/AdvancedCelShader/CelShader/MaterialFunctions/EdgeDetectDepth.uasset" 21
"../../../../../GitHub/Raw-Brawler/RawBrawler/Content/AdvancedCelShader/CelShader/MaterialFunctions/InnerShadow.uasset" 22
"../../../../../GitHub/Raw-Brawler/RawBrawler/Content/AdvancedCelShader/CelShader/MaterialFunctions/MaskSky.uasset" 23
"../../../../../GitHub/Raw-Brawler/RawBrawler/Content/AdvancedCelShader/CelShader/MaterialFunctions/OuterShadow.uasset" 24
"../../../../../GitHub/Raw-Brawler/RawBrawler/Content/AdvancedCelShader/CelShader/MaterialFunctions/PixellateUVs.uasset" 25
"../../../../../GitHub/Raw-Brawler/RawBrawler/Content/AdvancedCelShader/CelShader/MaterialFunctions/SkyMask.uasset" 26
"../../../../../GitHub/Raw-Brawler/RawBrawler/Content/AdvancedCelShader/CelShader/MaterialFunctions/Slider.uasset" 27
"../../../../../GitHub/Raw-Brawler/RawBrawler/Content/AdvancedCelShader/CelShader/Textures/PrintDots.uasset" 28
"../../../../../GitHub/Raw-Brawler/RawBrawler/Content/AdvancedCelShader/CelShader/Textures/sketch_mask_2.uasset" 29
"../../../../../GitHub/Raw-Brawler/RawBrawler/Content/AdvancedCelShader/CelShader/Textures/spatter.uasset" 30
"../../../../../GitHub/Raw-Brawler/RawBrawler/Content/AdvancedCelShader/CelShader/Textures/watercolour_texture.uasset" 31
"../../../../../GitHub/Raw-Brawler/RawBrawler/Content/AdvancedCelShader/CelShader/Materials/CelShader.uasset" 32
"../../../../../GitHub/Raw-Brawler/RawBrawler/Content/AdvancedCelShader/CelShader/Presets/CelShader80sCartoon.uasset" 33
"../../../../../GitHub/Raw-Brawler/RawBrawler/Content/AdvancedCelShader/CelShader/Presets/CelShader80sCartoon_Inst.uasset" 34
"../../../../../GitHub/Raw-Brawler/RawBrawler/Content/AdvancedCelShader/CelShader/Textures/paint_normal_normal.uasset" 35
"../../../../../GitHub/Raw-Brawler/RawBrawler/Content/AdvancedCelShader/CelShader/Presets/CelShaderAgedComic.uasset" 36
"../../../../../GitHub/Raw-Brawler/RawBrawler/Content/AdvancedCelShader/CelShader/Presets/CelShaderAnime.uasset" 37
"../../../../../GitHub/Raw-Brawler/RawBrawler/Content/AdvancedCelShader/CelShader/Presets/CelShaderChalkOnBlackboard.uasset" 38
"../../../../../GitHub/Raw-Brawler/RawBrawler/Content/AdvancedCelShader/CelShader/Textures/burlap.uasset" 39
"../../../../../GitHub/Raw-Brawler/RawBrawler/Content/AdvancedCelShader/CelShader/Presets/CelShaderColouredPencil.uasset" 40
"../../../../../GitHub/Raw-Brawler/RawBrawler/Content/AdvancedCelShader/CelShader/Textures/sketch_mask.uasset" 41
"../../../../../GitHub/Raw-Brawler/RawBrawler/Content/AdvancedCelShader/CelShader/Presets/CelShaderDirtyManga.uasset" 42
"../../../Engine/Content/Functions/Engine_MaterialFunctions01/ImageAdjustment/BlurSampleOffsets.uasset" 43
"../../../Engine/Content/Functions/Engine_MaterialFunctions01/Opacity/CameraDepthFade.uasset" 44
"../../../../../GitHub/Raw-Brawler/RawBrawler/Content/AdvancedCelShader/CelShader/MaterialFunctions/PosterizeForward.uasset" 45
"../../../../../GitHub/Raw-Brawler/RawBrawler/Content/AdvancedCelShader/CelShader/MaterialFunctions/CelPosterizeForward.uasset" 46
"../../../../../GitHub/Raw-Brawler/RawBrawler/Content/AdvancedCelShader/CelShader/MaterialFunctions/EdgeDetectColourForward.uasset" 47
"../../../../../GitHub/Raw-Brawler/RawBrawler/Content/AdvancedCelShader/CelShader/MaterialFunctions/EdgeDetectDepthForward.uasset" 48
"../../../../../GitHub/Raw-Brawler/RawBrawler/Content/AdvancedCelShader/CelShader/Materials/CelShaderForward.uasset" 49
"../../../../../GitHub/Raw-Brawler/RawBrawler/Content/AdvancedCelShader/CelShader/Presets/CelShaderForwardDefault.uasset" 50
"../../../../../GitHub/Raw-Brawler/RawBrawler/Content/AdvancedCelShader/CelShader/Presets/CelShaderHeroComic.uasset" 51
"../../../../../GitHub/Raw-Brawler/RawBrawler/Content/AdvancedCelShader/CelShader/Presets/CelShaderOldSchoolAdventure.uasset" 52
"../../../../../GitHub/Raw-Brawler/RawBrawler/Content/AdvancedCelShader/CelShader/Textures/brushstrokes.uasset" 53
"../../../../../GitHub/Raw-Brawler/RawBrawler/Content/AdvancedCelShader/CelShader/Presets/CelShaderParchment.uasset" 54
"../../../../../GitHub/Raw-Brawler/RawBrawler/Content/AdvancedCelShader/CelShader/Presets/CelShaderSumi.uasset" 55
"../../../../../GitHub/Raw-Brawler/RawBrawler/Content/AdvancedCelShader/CelShader/Presets/CelShaderTrip.uasset" 56
"../../../../../GitHub/Raw-Brawler/RawBrawler/Content/AdvancedCelShader/CelShader/Presets/CelShaderVoltron.uasset" 57
"../../../../../GitHub/Raw-Brawler/RawBrawler/Content/AdvancedCelShader/CelShader/Textures/flatwhite.uasset" 58
"../../../../../GitHub/Raw-Brawler/RawBrawler/Content/AdvancedCelShader/CelShader/Presets/CelShaderWatercolour.uasset" 59
"../../../../../GitHub/Raw-Brawler/RawBrawler/Content/AdvancedCelShader/CelShader/Presets/CelShaderWindWalker.uasset" 60
"../../../../../GitHub/Raw-Brawler/RawBrawler/Content/AdvancedCelShader/CelShader/MaterialFunctions/EdgeDetectColourv2.uasset" 61
"../../../../../GitHub/Raw-Brawler/RawBrawler/Content/AdvancedCelShader/CelShader/MaterialFunctions/EdgeDetectDepthv2.uasset" 62
"../../../../../GitHub/Raw-Brawler/RawBrawler/Content/AdvancedCelShader/CelShader/Materials/CelShaderV2.uasset" 63
"../../../../../GitHub/Raw-Brawler/RawBrawler/Content/AdvancedCelShader/CelShader/PresetsV2/CelShaderV2_CleanComic.uasset" 64
"../../../../../GitHub/Raw-Brawler/RawBrawler/Content/AdvancedCelShader/CelShader/PresetsV2/CelShaderV2_Radioactive.uasset" 65
"../../../../../GitHub/Raw-Brawler/RawBrawler/Content/AdvancedCelShader/Landscape/Materials/LandscapeTopology.uasset" 66
"../../../Engine/Content/Functions/Engine_MaterialFunctions02/SplitComponents.uasset" 67
"../../../Engine/Content/Functions/Engine_MaterialFunctions03/Blends/Blend_Overlay.uasset" 68
"../../../../../GitHub/Raw-Brawler/RawBrawler/Content/AdvancedCelShader/Landscape/Textures/gravel.uasset" 69
"../../../../../GitHub/Raw-Brawler/RawBrawler/Content/AdvancedCelShader/Landscape/Textures/grey.uasset" 70
"../../../../../GitHub/Raw-Brawler/RawBrawler/Content/AdvancedCelShader/Landscape/Textures/rock_2.uasset" 71
"../../../../../GitHub/Raw-Brawler/RawBrawler/Content/AdvancedCelShader/Landscape/Textures/sand.uasset" 72
"../../../../../GitHub/Raw-Brawler/RawBrawler/Content/AdvancedCelShader/Landscape/Textures/volcanic_mountain_normal.uasset" 73
"../../../../../GitHub/Raw-Brawler/RawBrawler/Content/AdvancedCelShader/Landscape/Materials/MAT_Landscape.uasset" 74
"../../../../../GitHub/Raw-Brawler/RawBrawler/Content/AdvancedCelShader/Landscape/Materials/MAT_Sand.uasset" 75
"../../../../../GitHub/Raw-Brawler/RawBrawler/Content/AdvancedCelShader/CelShader/MaterialFunctions/PackDepth.uasset" 76
"../../../../../GitHub/Raw-Brawler/RawBrawler/Content/AdvancedCelShader/MobileCelShader/MaterialFunctions/EdgeDetectColourMobile.uasset" 77
"../../../../../GitHub/Raw-Brawler/RawBrawler/Content/AdvancedCelShader/MobileCelShader/MaterialFunctions/EdgeDetectDepthMobile.uasset" 78
"../../../../../GitHub/Raw-Brawler/RawBrawler/Content/AdvancedCelShader/MobileCelShader/Materials/CelShaderMobile.uasset" 79
"../../../../../GitHub/Raw-Brawler/RawBrawler/Content/AdvancedCelShader/MobileCelShader/Presets/CelShaderMobileAnime.uasset" 80
"../../../../../GitHub/Raw-Brawler/RawBrawler/Content/AdvancedCelShader/MobileCelShader/Presets/CelShaderMobilePixelArt.uasset" 81
"../../../../../GitHub/Raw-Brawler/RawBrawler/Content/PlayerCharacter/AnimsSecondPunch__1__Skeleton.uasset" 82
"../../../../../GitHub/Raw-Brawler/RawBrawler/Content/SFX/Metal_Impact_Hollow.uasset" 83
"../../../../../GitHub/Raw-Brawler/RawBrawler/Content/VFX/Textures/LashParticle_FullSheet1.uasset" 84
"../../../../../GitHub/Raw-Brawler/RawBrawler/Content/VFX/LashParticle_mat.uasset" 85
"../../../../../GitHub/Raw-Brawler/RawBrawler/Content/VFX/LashParticle_mat_Inst.uasset" 86
"../../../../../GitHub/Raw-Brawler/RawBrawler/Content/VFX/DustLash_Particle.uasset" 87
"../../../../../GitHub/Raw-Brawler/RawBrawler/Content/PlayerCharacter/Animations/Anim_DodgeBackwards.uasset" 88
"../../../../../GitHub/Raw-Brawler/RawBrawler/Content/PlayerCharacter/Animations/Anim_DodgeForward.uasset" 89
"../../../../../GitHub/Raw-Brawler/RawBrawler/Content/PlayerCharacter/Animations/Anim_DodgeLeft.uasset" 90
"../../../../../GitHub/Raw-Brawler/RawBrawler/Content/PlayerCharacter/Animations/Anim_DodgeRight.uasset" 91
"../../../../../GitHub/Raw-Brawler/RawBrawler/Content/SFX/Heavy_Punch.uasset" 92
"../../../../../GitHub/Raw-Brawler/RawBrawler/Content/VFX/Textures/HitParticle_Sheet1.uasset" 93
"../../../../../GitHub/Raw-Brawler/RawBrawler/Content/VFX/HitParticle_Mat.uasset" 94
"../../../../../GitHub/Raw-Brawler/RawBrawler/Content/VFX/HeavyHit_Particle.uasset" 95
"../../../Engine/Content/EngineMaterials/T_Default_Material_Grid_M.uasset" 96
"../../../Engine/Content/EngineMaterials/T_Default_Material_Grid_N.uasset" 97
"../../../Engine/Content/EngineMaterials/WorldGridMaterial.uasset" 98
"../../../../../GitHub/Raw-Brawler/RawBrawler/Content/VFX/Wind/WindSlam_Texture.uasset" 99
"../../../../../GitHub/Raw-Brawler/RawBrawler/Content/VFX/Wind/WindSlam_Mat.uasset" 100
"../../../../../GitHub/Raw-Brawler/RawBrawler/Content/VFX/Wind/WindSlam.uasset" 101
"../../../../../GitHub/Raw-Brawler/RawBrawler/Content/VFX/Wind/WindSlam_particle.uasset" 102
"../../../../../GitHub/Raw-Brawler/RawBrawler/Content/VFX/Wind/WindSwirl_Texture.uasset" 103
"../../../../../GitHub/Raw-Brawler/RawBrawler/Content/VFX/Wind/WindSwirl_Mat.uasset" 104
"../../../../../GitHub/Raw-Brawler/RawBrawler/Content/VFX/Wind/WindSwirl.uasset" 105
"../../../../../GitHub/Raw-Brawler/RawBrawler/Content/VFX/Wind/WindSwirl_particle.uasset" 106
"../../../../../GitHub/Raw-Brawler/RawBrawler/Content/PlayerCharacter/Animations/Anim_HeavyKickEnd.uasset" 107
"../../../../../GitHub/Raw-Brawler/RawBrawler/Content/SFX/CoinFlip.uasset" 108
"../../../../../GitHub/Raw-Brawler/RawBrawler/Content/PlayerCharacter/Animations/Anim_HeavyKickStart.uasset" 109
"../../../../../GitHub/Raw-Brawler/RawBrawler/Content/PlayerCharacter/Animations/Anim_HeavyPunchEnd_1.uasset" 110
"../../../../../GitHub/Raw-Brawler/RawBrawler/Content/PlayerCharacter/Animations/Anim_HeavyPunchStart_1.uasset" 111
"../../../../../GitHub/Raw-Brawler/RawBrawler/Content/PlayerCharacter/Animations/Anim_HopEnd.uasset" 112
"../../../../../GitHub/Raw-Brawler/RawBrawler/Content/PlayerCharacter/Animations/Anim_HopMid.uasset" 113
"../../../../../GitHub/Raw-Brawler/RawBrawler/Content/PlayerCharacter/Animations/Anim_HopStart.uasset" 114
"../../../../../GitHub/Raw-Brawler/RawBrawler/Content/VFX/Hit_Particle.uasset" 115
"../../../../../GitHub/Raw-Brawler/RawBrawler/Content/PlayerCharacter/Animations/Anim_Kick_A.uasset" 116
"../../../../../GitHub/Raw-Brawler/RawBrawler/Content/PlayerCharacter/Animations/Anim_Kick_B_1.uasset" 117
"../../../../../GitHub/Raw-Brawler/RawBrawler/Content/PlayerCharacter/Animations/Anim_Punch_A_1.uasset" 118
"../../../../../GitHub/Raw-Brawler/RawBrawler/Content/SFX/CoinFlip_Cue.uasset" 119
"../../../../../GitHub/Raw-Brawler/RawBrawler/Content/PlayerCharacter/Animations/Anim_Punch_B_1.uasset" 120
"../../../../../GitHub/Raw-Brawler/RawBrawler/Content/PlayerCharacter/Animations/Anim_ReactionLeft.uasset" 121
"../../../../../GitHub/Raw-Brawler/RawBrawler/Content/PlayerCharacter/Animations/Anim_ReactionRight.uasset" 122
"../../../../../GitHub/Raw-Brawler/RawBrawler/Content/PlayerCharacter/Animations/Anim_Sprint_1.uasset" 123
"../../../Engine/Content/EngineMaterials/DefaultDiffuse.uasset" 124
"../../../Engine/Content/EngineMaterials/EmissiveTexturedMaterial.uasset" 125
"../../../../../GitHub/Raw-Brawler/RawBrawler/Content/VFX/Refraction_Mat.uasset" 126
"../../../Engine/Content/EngineMeshes/Sphere.uasset" 127
"../../../../../GitHub/Raw-Brawler/RawBrawler/Content/VFX/ChargeRefraction_Particle.uasset" 128
"../../../../../GitHub/Raw-Brawler/RawBrawler/Content/PlayerCharacter/Animations/Anim_SprintStart.uasset" 129
"../../../../../GitHub/Raw-Brawler/RawBrawler/Content/SFX/anvil_impact.uasset" 130
"../../../../../GitHub/Raw-Brawler/RawBrawler/Content/PlayerCharacter/Animations/Anim_Idle.uasset" 131
"../../../../../GitHub/Raw-Brawler/RawBrawler/Content/PlayerCharacter/Animations/Anim_WalkBack_1.uasset" 132
"../../../../../GitHub/Raw-Brawler/RawBrawler/Content/PlayerCharacter/Animations/Anim_WalkForward_1.uasset" 133
"../../../../../GitHub/Raw-Brawler/RawBrawler/Content/PlayerCharacter/Animations/Anim_WalkLeft_1.uasset" 134
"../../../../../GitHub/Raw-Brawler/RawBrawler/Content/PlayerCharacter/Animations/Anim_WalkRight_1.uasset" 135
"../../../../../GitHub/Raw-Brawler/RawBrawler/Content/PlayerCharacter/Animations/IdleWalk_Blendspace.uasset" 136
"../../../Engine/Content/EditorBlueprintResources/StandardMacros.uasset" 137
"../../../../../GitHub/Raw-Brawler/RawBrawler/Content/AI/Behaviour/Enemy_BB.uasset" 138
"../../../../../GitHub/Raw-Brawler/RawBrawler/Content/AI/Behaviour/Services/Punch_BTS.uasset" 139
"../../../../../GitHub/Raw-Brawler/RawBrawler/Content/AI/Behaviour/Services/ToggleAggression_BTS.uasset" 140
"../../../../../GitHub/Raw-Brawler/RawBrawler/Content/AI/Behaviour/Tasks/MovetoMaintainDistance_BTT.uasset" 141
"../../../../../GitHub/Raw-Brawler/RawBrawler/Content/AI/Behaviour/Tasks/SetTarget_BTT.uasset" 142
"../../../../../GitHub/Raw-Brawler/RawBrawler/Content/AI/Behaviour/Enemy_BT.uasset" 143
"../../../../../GitHub/Raw-Brawler/RawBrawler/Content/AI/EnemyController.uasset" 144
"../../../../../GitHub/Raw-Brawler/RawBrawler/Content/PlayerCharacter/CameraShake/ChargeShake.uasset" 145
"../../../../../GitHub/Raw-Brawler/RawBrawler/Content/PlayerCharacter/CameraShake/HitShake.uasset" 146
"../../../../../GitHub/Raw-Brawler/RawBrawler/Content/PlayerCharacter/Skins/Textures/Character_Default.uasset" 147
"../../../../../GitHub/Raw-Brawler/RawBrawler/Content/PlayerCharacter/RawBrawlersInstance.uasset" 148
"../../../../../GitHub/Raw-Brawler/RawBrawler/Content/PlayerCharacter/Skins/AdvancedAvatarMaterial.uasset" 149
"../../../../../GitHub/Raw-Brawler/RawBrawler/Content/PlayerCharacter/Skins/AvatarMaterial.uasset" 150
"../../../../../GitHub/Raw-Brawler/RawBrawler/Content/PlayerCharacter/Skins/Textures/Character_BuisnessMan.uasset" 151
"../../../../../GitHub/Raw-Brawler/RawBrawler/Content/PlayerCharacter/Skins/Skin_BuisnessMan1.uasset" 152
"../../../../../GitHub/Raw-Brawler/RawBrawler/Content/VFX/Icons/Icon_Texture.uasset" 153
"../../../../../GitHub/Raw-Brawler/RawBrawler/Content/VFX/Icons/HP_Icon.uasset" 154
"../../../../../GitHub/Raw-Brawler/RawBrawler/Content/VFX/Icons/HP_Icon_3.uasset" 155
"../../../../../GitHub/Raw-Brawler/RawBrawler/Content/VFX/Icons/HP_Icon_Player.uasset" 156
"../../../../../GitHub/Raw-Brawler/RawBrawler/Content/VFX/Icons/SelectIcon.uasset" 157
"../../../../../GitHub/Raw-Brawler/RawBrawler/Content/VFX/Icons/SelectIcon_Inst2.uasset" 158
"../../../../../GitHub/Raw-Brawler/RawBrawler/Content/VFX/Icons/SelectIcon_Inst3.uasset" 159
"../../../Engine/Content/BasicShapes/Plane.uasset" 160
"../../../../../GitHub/Raw-Brawler/RawBrawler/Content/PlayerCharacter/DodgeENUM.uasset" 161
"../../../../../GitHub/Raw-Brawler/RawBrawler/Content/VFX/Textures/RawBrawler.uasset" 162
"../../../../../GitHub/Raw-Brawler/RawBrawler/Content/ThirdPersonBP/Blueprints/Brawler_UI.uasset" 163
"../../../Engine/Content/BasicShapes/BasicShapeMaterial.uasset" 164
"../../../../../GitHub/Raw-Brawler/RawBrawler/Content/VFX/Textures/Lightning.uasset" 165
"../../../../../GitHub/Raw-Brawler/RawBrawler/Content/VFX/Lightning_mat.uasset" 166
"../../../Engine/Content/EngineMeshes/ParticleCube.uasset" 167
"../../../../../GitHub/Raw-Brawler/RawBrawler/Content/VFX/Ascended_particle.uasset" 168
"../../../../../GitHub/Raw-Brawler/RawBrawler/Content/Textures/Noise/Noise_4.uasset" 169
"../../../../../GitHub/Raw-Brawler/RawBrawler/Content/VFX/Textures/Gradient_1.uasset" 170
"../../../../../GitHub/Raw-Brawler/RawBrawler/Content/VFX/Fire_Mat.uasset" 171
"../../../../../GitHub/Raw-Brawler/RawBrawler/Content/Textures/Noise/Noise_7.uasset" 172
"../../../../../GitHub/Raw-Brawler/RawBrawler/Content/VFX/Fire_Mat_Inst.uasset" 173
"../../../../../GitHub/Raw-Brawler/RawBrawler/Content/VFX/Fire_Particle.uasset" 174
"../../../../../GitHub/Raw-Brawler/RawBrawler/Content/VFX/FireBlue_Particle.uasset" 175
"../../../../../GitHub/Raw-Brawler/RawBrawler/Content/VFX/FloatingRocks_Particle.uasset" 176
"../../../../../GitHub/Raw-Brawler/RawBrawler/Content/VFX/LatantLightning_particle.uasset" 177
"../../../../../GitHub/Raw-Brawler/RawBrawler/Content/VFX/Smoke_Particle.uasset" 178
"../../../../../GitHub/Raw-Brawler/RawBrawler/Content/ThirdPersonBP/Blueprints/ThirdPersonCharacter.uasset" 179
"../../../../../GitHub/Raw-Brawler/RawBrawler/Content/SFX/Slap_Wet.uasset" 180
"../../../../../GitHub/Raw-Brawler/RawBrawler/Content/SFX/Slap_Wet_Cue.uasset" 181
"../../../../../GitHub/Raw-Brawler/RawBrawler/Content/AI/EnemyCharacter.uasset" 182
"../../../../../GitHub/Raw-Brawler/RawBrawler/Content/VFX/GhostTrail_Mat.uasset" 183
"../../../../../GitHub/Raw-Brawler/RawBrawler/Content/Textures/Noise/Noise_2.uasset" 184
"../../../../../GitHub/Raw-Brawler/RawBrawler/Content/VFX/GhostTrail_Mat_Inst.uasset" 185
"../../../../../GitHub/Raw-Brawler/RawBrawler/Content/PlayerCharacter/AnimsSecondPunch__1__PhysicsAsset.uasset" 186
"../../../../../GitHub/Raw-Brawler/RawBrawler/Content/PlayerCharacter/AnimsSecondPunch__1_.uasset" 187
"../../../../../GitHub/Raw-Brawler/RawBrawler/Content/VFX/GhostTrail_BP.uasset" 188
"../../../../../GitHub/Raw-Brawler/RawBrawler/Content/PlayerCharacter/Animations/Fighter_AnimBP.uasset" 189
"../../../../../GitHub/Raw-Brawler/RawBrawler/Content/PlayerCharacter/Skins/Skin_1.uasset" 190
"../../../../../GitHub/Raw-Brawler/RawBrawler/Content/PlayerCharacter/Skins/Skin_2.uasset" 191
"../../../../../GitHub/Raw-Brawler/RawBrawler/Content/PlayerCharacter/Skins/Textures/Character_Ryu.uasset" 192
"../../../../../GitHub/Raw-Brawler/RawBrawler/Content/PlayerCharacter/Skins/Skin_Akira.uasset" 193
"../../../../../GitHub/Raw-Brawler/RawBrawler/Content/PlayerCharacter/Skins/Skin_Akuma.uasset" 194
"../../../../../GitHub/Raw-Brawler/RawBrawler/Content/PlayerCharacter/Skins/Textures/Character_Boxer.uasset" 195
"../../../../../GitHub/Raw-Brawler/RawBrawler/Content/PlayerCharacter/Skins/Skin_Boxer.uasset" 196
"../../../../../GitHub/Raw-Brawler/RawBrawler/Content/PlayerCharacter/Skins/Textures/Character_Koro.uasset" 197
"../../../../../GitHub/Raw-Brawler/RawBrawler/Content/PlayerCharacter/Skins/Skin_BrawlSensi.uasset" 198
"../../../../../GitHub/Raw-Brawler/RawBrawler/Content/PlayerCharacter/Skins/Textures/Character_BruceLee.uasset" 199
"../../../../../GitHub/Raw-Brawler/RawBrawler/Content/PlayerCharacter/Skins/Skin_BruceLee.uasset" 200
"../../../../../GitHub/Raw-Brawler/RawBrawler/Content/PlayerCharacter/Skins/Skin_BuisnessMan.uasset" 201
"../../../../../GitHub/Raw-Brawler/RawBrawler/Content/PlayerCharacter/Skins/Textures/Character_Samus.uasset" 202
"../../../../../GitHub/Raw-Brawler/RawBrawler/Content/PlayerCharacter/Skins/Skin_DarkSamus.uasset" 203
"../../../../../GitHub/Raw-Brawler/RawBrawler/Content/PlayerCharacter/Skins/Textures/Character_Skeleton.uasset" 204
"../../../../../GitHub/Raw-Brawler/RawBrawler/Content/PlayerCharacter/Skins/SKin_FleshMan.uasset" 205
"../../../../../GitHub/Raw-Brawler/RawBrawler/Content/PlayerCharacter/Skins/Skin_Ghost.uasset" 206
"../../../../../GitHub/Raw-Brawler/RawBrawler/Content/PlayerCharacter/Skins/SKin_Ghoul.uasset" 207
"../../../../../GitHub/Raw-Brawler/RawBrawler/Content/PlayerCharacter/Skins/Textures/Character_Goku.uasset" 208
"../../../../../GitHub/Raw-Brawler/RawBrawler/Content/PlayerCharacter/Skins/Skin_Goku.uasset" 209
"../../../../../GitHub/Raw-Brawler/RawBrawler/Content/PlayerCharacter/Skins/Skin_GokuClone.uasset" 210
"../../../../../GitHub/Raw-Brawler/RawBrawler/Content/PlayerCharacter/Skins/Skin_GokuSSGSS.uasset" 211
"../../../../../GitHub/Raw-Brawler/RawBrawler/Content/PlayerCharacter/Skins/Skin_GokuSSJ.uasset" 212
"../../../../../GitHub/Raw-Brawler/RawBrawler/Content/PlayerCharacter/Skins/SKin_HellSkull.uasset" 213
"../../../../../GitHub/Raw-Brawler/RawBrawler/Content/PlayerCharacter/Skins/Textures/Character_Jiren.uasset" 214
"../../../../../GitHub/Raw-Brawler/RawBrawler/Content/PlayerCharacter/Skins/Skin_Jiren.uasset" 215
"../../../../../GitHub/Raw-Brawler/RawBrawler/Content/PlayerCharacter/Skins/Skin_Ryu.uasset" 216
"../../../../../GitHub/Raw-Brawler/RawBrawler/Content/PlayerCharacter/Skins/Skin_Ken.uasset" 217
"../../../../../GitHub/Raw-Brawler/RawBrawler/Content/PlayerCharacter/Skins/Skin_kirby.uasset" 218
"../../../../../GitHub/Raw-Brawler/RawBrawler/Content/PlayerCharacter/Skins/Textures/Character_Kratos.uasset" 219
"../../../../../GitHub/Raw-Brawler/RawBrawler/Content/PlayerCharacter/Skins/Skin_Kratos.uasset" 220
"../../../../../GitHub/Raw-Brawler/RawBrawler/Content/PlayerCharacter/Skins/Textures/Character_Luchador.uasset" 221
"../../../../../GitHub/Raw-Brawler/RawBrawler/Content/PlayerCharacter/Skins/Skin_Luchador.uasset" 222
"../../../../../GitHub/Raw-Brawler/RawBrawler/Content/PlayerCharacter/Skins/Textures/Character_Plumber.uasset" 223
"../../../../../GitHub/Raw-Brawler/RawBrawler/Content/PlayerCharacter/Skins/Skin_mario.uasset" 224
"../../../../../GitHub/Raw-Brawler/RawBrawler/Content/PlayerCharacter/Skins/Textures/Character_NorthStar.uasset" 225
"../../../../../GitHub/Raw-Brawler/RawBrawler/Content/PlayerCharacter/Skins/Skin_NorthStar.uasset" 226
"../../../../../GitHub/Raw-Brawler/RawBrawler/Content/PlayerCharacter/Skins/Textures/Character_OnePunch.uasset" 227
"../../../../../GitHub/Raw-Brawler/RawBrawler/Content/PlayerCharacter/Skins/Skin_OnePunch.uasset" 228
"../../../../../GitHub/Raw-Brawler/RawBrawler/Content/PlayerCharacter/Skins/Textures/Character_Punisher.uasset" 229
"../../../../../GitHub/Raw-Brawler/RawBrawler/Content/PlayerCharacter/Skins/Skin_Punisher.uasset" 230
"../../../../../GitHub/Raw-Brawler/RawBrawler/Content/PlayerCharacter/Skins/Textures/Character_PowerRanger.uasset" 231
"../../../../../GitHub/Raw-Brawler/RawBrawler/Content/PlayerCharacter/Skins/Skin_Ranger1.uasset" 232
"../../../../../GitHub/Raw-Brawler/RawBrawler/Content/PlayerCharacter/Skins/Skin_Ranger2.uasset" 233
"../../../../../GitHub/Raw-Brawler/RawBrawler/Content/PlayerCharacter/Skins/Skin_Ranger3.uasset" 234
"../../../../../GitHub/Raw-Brawler/RawBrawler/Content/PlayerCharacter/Skins/Skin_Ranger4.uasset" 235
"../../../../../GitHub/Raw-Brawler/RawBrawler/Content/PlayerCharacter/Skins/Skin_Ranger5.uasset" 236
"../../../../../GitHub/Raw-Brawler/RawBrawler/Content/PlayerCharacter/Skins/Skin_Ranger6.uasset" 237
"../../../../../GitHub/Raw-Brawler/RawBrawler/Content/PlayerCharacter/Skins/Textures/Character_RockLee.uasset" 238
"../../../../../GitHub/Raw-Brawler/RawBrawler/Content/PlayerCharacter/Skins/Skin_RockLee.uasset" 239
"../../../../../GitHub/Raw-Brawler/RawBrawler/Content/PlayerCharacter/Skins/Skin_Samus.uasset" 240
"../../../../../GitHub/Raw-Brawler/RawBrawler/Content/PlayerCharacter/Skins/Textures/Character_Scorpion.uasset" 241
"../../../../../GitHub/Raw-Brawler/RawBrawler/Content/PlayerCharacter/Skins/Skin_Scorpion.uasset" 242
"../../../../../GitHub/Raw-Brawler/RawBrawler/Content/PlayerCharacter/Skins/SKin_Skeleton.uasset" 243
"../../../../../GitHub/Raw-Brawler/RawBrawler/Content/PlayerCharacter/Skins/Skin_Skeletor.uasset" 244
"../../../../../GitHub/Raw-Brawler/RawBrawler/Content/PlayerCharacter/Skins/SKin_SkockSkull.uasset" 245
"../../../../../GitHub/Raw-Brawler/RawBrawler/Content/PlayerCharacter/Skins/Skin_Snake.uasset" 246
"../../../../../GitHub/Raw-Brawler/RawBrawler/Content/PlayerCharacter/Skins/Textures/Character_SpiderMan.uasset" 247
"../../../../../GitHub/Raw-Brawler/RawBrawler/Content/PlayerCharacter/Skins/Skin_SpiderGirl.uasset" 248
"../../../../../GitHub/Raw-Brawler/RawBrawler/Content/PlayerCharacter/Skins/SKin_Spirit.uasset" 249
"../../../../../GitHub/Raw-Brawler/RawBrawler/Content/PlayerCharacter/Skins/Skin_SpydarMan.uasset" 250
"../../../../../GitHub/Raw-Brawler/RawBrawler/Content/PlayerCharacter/Skins/Skin_SubZero.uasset" 251
"../../../../../GitHub/Raw-Brawler/RawBrawler/Content/PlayerCharacter/Skins/Textures/Character_Neo.uasset" 252
"../../../../../GitHub/Raw-Brawler/RawBrawler/Content/PlayerCharacter/Skins/Skin_TheOne.uasset" 253
"../../../../../GitHub/Raw-Brawler/RawBrawler/Content/PlayerCharacter/Skins/Skin_USpydarMan.uasset" 254
"../../../../../GitHub/Raw-Brawler/RawBrawler/Content/PlayerCharacter/Skins/Textures/Character_VaultDweller.uasset" 255
"../../../../../GitHub/Raw-Brawler/RawBrawler/Content/PlayerCharacter/Skins/Skin_ValutDweller.uasset" 256
"../../../../../GitHub/Raw-Brawler/RawBrawler/Content/PlayerCharacter/Skins/Skin_Waluigi.uasset" 257
"../../../../../GitHub/Raw-Brawler/RawBrawler/Content/SFX/heavy_Punch2.uasset" 258
"../../../../../GitHub/Raw-Brawler/RawBrawler/Content/SFX/heavy_Punch2_Cue.uasset" 259
"../../../../../GitHub/Raw-Brawler/RawBrawler/Content/SFX/Metal_Bang.uasset" 260
"../../../../../GitHub/Raw-Brawler/RawBrawler/Content/SFX/Metal_Bang_Cue.uasset" 261
"../../../../../GitHub/Raw-Brawler/RawBrawler/Content/SFX/Metal_Bang_Cue1.uasset" 262
"../../../../../GitHub/Raw-Brawler/RawBrawler/Content/SFX/Metal_Clang.uasset" 263
"../../../../../GitHub/Raw-Brawler/RawBrawler/Content/SFX/Metal_Clang_Cue.uasset" 264
"../../../../../GitHub/Raw-Brawler/RawBrawler/Content/SFX/Metal_Impact_Hollow_Cue.uasset" 265
"../../../../../GitHub/Raw-Brawler/RawBrawler/Content/SFX/Missile_Impact.uasset" 266
"../../../../../GitHub/Raw-Brawler/RawBrawler/Content/SFX/Missile_Impact_Cue.uasset" 267
"../../../../../GitHub/Raw-Brawler/RawBrawler/Content/SFX/Sharp_Punch.uasset" 268
"../../../../../GitHub/Raw-Brawler/RawBrawler/Content/SFX/Sharp_Punch_Cue.uasset" 269
"../../../../../GitHub/Raw-Brawler/RawBrawler/Content/SFX/Strong_Punch.uasset" 270
"../../../../../GitHub/Raw-Brawler/RawBrawler/Content/SFX/Strong_Punch_Cue.uasset" 271
"../../../../../GitHub/Raw-Brawler/RawBrawler/Content/SFX/Upper_Cut.uasset" 272
"../../../../../GitHub/Raw-Brawler/RawBrawler/Content/SFX/Upper_Cut_Cue.uasset" 273
"../../../../../GitHub/Raw-Brawler/RawBrawler/Content/VFX/Icons/HP_Icon_Plus.uasset" 274
"../../../../../GitHub/Raw-Brawler/RawBrawler/Content/VFX/Icons/HP_Icon_PlusHealth.uasset" 275
"../../../../../GitHub/Raw-Brawler/RawBrawler/Content/VFX/HealthPlus_Particle.uasset" 276
"../../../../../GitHub/Raw-Brawler/RawBrawler/Content/VFX/HitRefraction_Particle.uasset" 277
"../../../../../GitHub/Raw-Brawler/RawBrawler/Content/VFX/Textures/ImpactParticle_Sheet.uasset" 278
"../../../../../GitHub/Raw-Brawler/RawBrawler/Content/VFX/ImpactParticle_mat.uasset" 279
"../../../../../GitHub/Raw-Brawler/RawBrawler/Content/VFX/Lash_Particle.uasset" 280
"../../../../../GitHub/Raw-Brawler/RawBrawler/Content/VFX/Textures/Sliceparticle_Sheet.uasset" 281
"../../../../../GitHub/Raw-Brawler/RawBrawler/Content/VFX/SlashParticle_Mat.uasset" 282
"../../../../../GitHub/Raw-Brawler/RawBrawler/Content/VFX/SliceHit_Particle.uasset" 283
"../../../../../GitHub/Raw-Brawler/RawBrawler/Content/PlayerCharacter/FighterBase.uasset" 284
"../../../../../GitHub/Raw-Brawler/RawBrawler/Content/AI/Behaviour/Decorators/CheckDistanceToTarget_BTD.uasset" 285
"../../../../../GitHub/Raw-Brawler/RawBrawler/Content/AI/Behaviour/Tasks/Punch_BTT.uasset" 286
"../../../../../GitHub/Raw-Brawler/RawBrawler/Content/Geometry/Meshes/CubeMaterial.uasset" 287
"../../../../../GitHub/Raw-Brawler/RawBrawler/Content/Geometry/Meshes/1M_Cube_Chamfer.uasset" 288
"../../../../../GitHub/Raw-Brawler/RawBrawler/Content/Mannequin/Character/Mesh/UE4_Mannequin_Skeleton.uasset" 289
"../../../../../GitHub/Raw-Brawler/RawBrawler/Content/Mannequin/Animations/ThirdPersonJump_End.uasset" 290
"../../../../../GitHub/Raw-Brawler/RawBrawler/Content/Mannequin/Animations/ThirdPerson_Jump.uasset" 291
"../../../../../GitHub/Raw-Brawler/RawBrawler/Content/Mannequin/Animations/ThirdPersonJump_Loop.uasset" 292
"../../../../../GitHub/Raw-Brawler/RawBrawler/Content/Mannequin/Animations/ThirdPersonJump_Start.uasset" 293
"../../../../../GitHub/Raw-Brawler/RawBrawler/Content/Mannequin/Animations/ThirdPersonIdle.uasset" 294
"../../../../../GitHub/Raw-Brawler/RawBrawler/Content/Mannequin/Animations/ThirdPersonRun.uasset" 295
"../../../../../GitHub/Raw-Brawler/RawBrawler/Content/Mannequin/Animations/ThirdPersonWalk.uasset" 296
"../../../../../GitHub/Raw-Brawler/RawBrawler/Content/Mannequin/Animations/ThirdPerson_IdleRun_2D.uasset" 297
"../../../../../GitHub/Raw-Brawler/RawBrawler/Content/Mannequin/Animations/ThirdPerson_AnimBP.uasset" 298
"../../../Engine/Content/Functions/Engine_MaterialFunctions02/Utility/BlendAngleCorrectedNormals.uasset" 299
"../../../Engine/Content/Functions/MaterialLayerFunctions/MatLayerBlend_NormalBlend.uasset" 300
"../../../Engine/Content/Functions/MaterialLayerFunctions/MatLayerBlend_Simple.uasset" 301
"../../../../../GitHub/Raw-Brawler/RawBrawler/Content/Mannequin/Character/Materials/MaterialLayers/T_ML_Rubber_Blue_01_D.uasset" 302
"../../../../../GitHub/Raw-Brawler/RawBrawler/Content/Mannequin/Character/Materials/MaterialLayers/T_ML_Rubber_Blue_01_N.uasset" 303
"../../../../../GitHub/Raw-Brawler/RawBrawler/Content/Mannequin/Character/Materials/MaterialLayers/ML_GlossyBlack_Latex_UE4.uasset" 304
"../../../../../GitHub/Raw-Brawler/RawBrawler/Content/Mannequin/Character/Materials/MaterialLayers/ML_Plastic_Shiny_Beige.uasset" 305
"../../../../../GitHub/Raw-Brawler/RawBrawler/Content/Mannequin/Character/Textures/UE4_LOGO_CARD.uasset" 306
"../../../../../GitHub/Raw-Brawler/RawBrawler/Content/Mannequin/Character/Materials/MaterialLayers/ML_Plastic_Shiny_Beige_LOGO.uasset" 307
"../../../../../GitHub/Raw-Brawler/RawBrawler/Content/Mannequin/Character/Materials/MaterialLayers/T_ML_Aluminum01.uasset" 308
"../../../../../GitHub/Raw-Brawler/RawBrawler/Content/Mannequin/Character/Materials/MaterialLayers/T_ML_Aluminum01_N.uasset" 309
"../../../../../GitHub/Raw-Brawler/RawBrawler/Content/Mannequin/Character/Materials/MaterialLayers/ML_SoftMetal_UE4.uasset" 310
"../../../../../GitHub/Raw-Brawler/RawBrawler/Content/Mannequin/Character/Textures/UE4_Mannequin__normals.uasset" 311
"../../../../../GitHub/Raw-Brawler/RawBrawler/Content/Mannequin/Character/Textures/UE4_Mannequin_MAT_MASKA.uasset" 312
"../../../../../GitHub/Raw-Brawler/RawBrawler/Content/Mannequin/Character/Materials/M_UE4Man_Body.uasset" 313
"../../../../../GitHub/Raw-Brawler/RawBrawler/Content/Mannequin/Character/Textures/UE4Man_Logo_N.uasset" 314
"../../../../../GitHub/Raw-Brawler/RawBrawler/Content/Mannequin/Character/Materials/M_UE4Man_ChestLogo.uasset" 315
"../../../../../GitHub/Raw-Brawler/RawBrawler/Content/Mannequin/Character/Mesh/SK_Mannequin_PhysicsAsset.uasset" 316
"../../../../../GitHub/Raw-Brawler/RawBrawler/Content/Mannequin/Character/Mesh/SK_Mannequin.uasset" 317
"../../../../../GitHub/Raw-Brawler/RawBrawler/Content/PlayerCharacter/Brawler_PhysicsAsset.uasset" 318
"../../../../../GitHub/Raw-Brawler/RawBrawler/Content/PlayerCharacter/Animations/Anim_Block.uasset" 319
"../../../../../GitHub/Raw-Brawler/RawBrawler/Content/PlayerCharacter/Animations/Anim_FullTake_2.uasset" 320
"../../../../../GitHub/Raw-Brawler/RawBrawler/Content/PlayerCharacter/Animations/Anim_FullTake_3.uasset" 321
"../../../../../GitHub/Raw-Brawler/RawBrawler/Content/PlayerCharacter/Animations/Anim_FullTake_4.uasset" 322
"../../../../../GitHub/Raw-Brawler/RawBrawler/Content/PlayerCharacter/Animations/Anim_FullTake_5.uasset" 323
"../../../../../GitHub/Raw-Brawler/RawBrawler/Content/PlayerCharacter/Animations/Anim_FullTake_6.uasset" 324
"../../../../../GitHub/Raw-Brawler/RawBrawler/Content/PlayerCharacter/Animations/Anim_FullTake_7.uasset" 325
"../../../../../GitHub/Raw-Brawler/RawBrawler/Content/PlayerCharacter/Animations/Anim_FullTake_8.uasset" 326
"../../../../../GitHub/Raw-Brawler/RawBrawler/Content/PlayerCharacter/Animations/Anim_HeavyKick.uasset" 327
"../../../../../GitHub/Raw-Brawler/RawBrawler/Content/PlayerCharacter/Animations/Anim_HeavyPunchEnd.uasset" 328
"../../../../../GitHub/Raw-Brawler/RawBrawler/Content/PlayerCharacter/Animations/Anim_HeavyPunchStart.uasset" 329
"../../../../../GitHub/Raw-Brawler/RawBrawler/Content/PlayerCharacter/Animations/Anim_Kick_B.uasset" 330
"../../../../../GitHub/Raw-Brawler/RawBrawler/Content/PlayerCharacter/Animations/Anim_Punch_A.uasset" 331
"../../../../../GitHub/Raw-Brawler/RawBrawler/Content/PlayerCharacter/Animations/Anim_Punch_B.uasset" 332
"../../../../../GitHub/Raw-Brawler/RawBrawler/Content/PlayerCharacter/Animations/Anim_ReactionHeavyLeft.uasset" 333
"../../../../../GitHub/Raw-Brawler/RawBrawler/Content/PlayerCharacter/Animations/Anim_ReactionHeavyleft_1.uasset" 334
"../../../../../GitHub/Raw-Brawler/RawBrawler/Content/PlayerCharacter/Animations/Anim_ReactionHeavyRight.uasset" 335
"../../../../../GitHub/Raw-Brawler/RawBrawler/Content/PlayerCharacter/Animations/Anim_Sprint.uasset" 336
"../../../../../GitHub/Raw-Brawler/RawBrawler/Content/PlayerCharacter/Animations/Anim_WalkBack.uasset" 337
"../../../../../GitHub/Raw-Brawler/RawBrawler/Content/PlayerCharacter/Animations/Anim_WalkForward.uasset" 338
"../../../../../GitHub/Raw-Brawler/RawBrawler/Content/PlayerCharacter/Animations/Anim_WalkLeft.uasset" 339
"../../../../../GitHub/Raw-Brawler/RawBrawler/Content/PlayerCharacter/Animations/Anim_WalkRight.uasset" 340
"../../../../../GitHub/Raw-Brawler/RawBrawler/Content/PlayerCharacter/Brawler_Skeleton.uasset" 341
"../../../../../GitHub/Raw-Brawler/RawBrawler/Content/PlayerCharacter/Animations/Brawler_Anim_FullTake1.uasset" 342
"../../../../../GitHub/Raw-Brawler/RawBrawler/Content/PlayerCharacter/Animations/Brawler_Anim_WalkForward.uasset" 343
"../../../../../GitHub/Raw-Brawler/RawBrawler/Content/PlayerCharacter/Animations/Brawler_Anim_WalkLeft.uasset" 344
"../../../../../GitHub/Raw-Brawler/RawBrawler/Content/PlayerCharacter/Animations/Brawler_Anim_WalkRight.uasset" 345
"../../../../../GitHub/Raw-Brawler/RawBrawler/Content/PlayerCharacter/Animations/Old/Brawler_Anim_FullTake1.uasset" 346
"../../../../../GitHub/Raw-Brawler/RawBrawler/Content/PlayerCharacter/Animations/Old/Brawler_Anim_WalkForward.uasset" 347
"../../../../../GitHub/Raw-Brawler/RawBrawler/Content/PlayerCharacter/Animations/Old/Brawler_Anim_WalkLeft.uasset" 348
"../../../../../GitHub/Raw-Brawler/RawBrawler/Content/PlayerCharacter/Animations/Old/Brawler_Anim_WalkRight.uasset" 349
"../../../../../GitHub/Raw-Brawler/RawBrawler/Content/PlayerCharacter/Animations/Old-SkelBrawl/Brawler_Anim_FullTake1.uasset" 350
"../../../../../GitHub/Raw-Brawler/RawBrawler/Content/PlayerCharacter/Animations/Old-SkelBrawl/Brawler_Anim_HopEnd.uasset" 351
"../../../../../GitHub/Raw-Brawler/RawBrawler/Content/PlayerCharacter/Animations/Old-SkelBrawl/Brawler_Anim_HopMid.uasset" 352
"../../../../../GitHub/Raw-Brawler/RawBrawler/Content/PlayerCharacter/Animations/Old-SkelBrawl/Brawler_Anim_HopStart.uasset" 353
"../../../../../GitHub/Raw-Brawler/RawBrawler/Content/PlayerCharacter/Animations/Old-SkelBrawl/Brawler_Anim_WalkForward.uasset" 354
"../../../../../GitHub/Raw-Brawler/RawBrawler/Content/PlayerCharacter/Animations/Old-SkelBrawl/Brawler_Anim_WalkLeft.uasset" 355
"../../../../../GitHub/Raw-Brawler/RawBrawler/Content/PlayerCharacter/Animations/Old-SkelBrawl/Brawler_Anim_WalkRight.uasset" 356
"../../../../../GitHub/Raw-Brawler/RawBrawler/Content/Textures/Noise/Noise_Mat2.uasset" 357
"../../../../../GitHub/Raw-Brawler/RawBrawler/Content/PlayerCharacter/Old/Anims2_PhysicsAsset.uasset" 358
"../../../../../GitHub/Raw-Brawler/RawBrawler/Content/PlayerCharacter/Old/Anims2_Skeleton.uasset" 359
"../../../../../GitHub/Raw-Brawler/RawBrawler/Content/PlayerCharacter/Old/Anims2.uasset" 360
"../../../../../GitHub/Raw-Brawler/RawBrawler/Content/PlayerCharacter/Old/Anims_Hop.uasset" 361
"../../../../../GitHub/Raw-Brawler/RawBrawler/Content/PlayerCharacter/Old/Anims_Idle.uasset" 362
"../../../../../GitHub/Raw-Brawler/RawBrawler/Content/PlayerCharacter/Old/Anims_Punch1.uasset" 363
"../../../../../GitHub/Raw-Brawler/RawBrawler/Content/PlayerCharacter/Old/Anims_PunchHeavy1.uasset" 364
"../../../../../GitHub/Raw-Brawler/RawBrawler/Content/PlayerCharacter/Old/Anims_StrafeF.uasset" 365
"../../../../../GitHub/Raw-Brawler/RawBrawler/Content/PlayerCharacter/Old/Anims_StrafeF1.uasset" 366
"../../../../../GitHub/Raw-Brawler/RawBrawler/Content/PlayerCharacter/Old/Anims_StrafeL.uasset" 367
"../../../../../GitHub/Raw-Brawler/RawBrawler/Content/PlayerCharacter/Old/Anims_StrafeR.uasset" 368
"../../../../../GitHub/Raw-Brawler/RawBrawler/Content/PlayerCharacter/Old/Brawler_PhysicsAsset.uasset" 369
"../../../../../GitHub/Raw-Brawler/RawBrawler/Content/PlayerCharacter/Old/Brawler_Mesh.uasset" 370
"../../../../../GitHub/Raw-Brawler/RawBrawler/Content/PlayerCharacter/Skins/CharacterUV_PhysicsAsset.uasset" 371
"../../../../../GitHub/Raw-Brawler/RawBrawler/Content/PlayerCharacter/Skins/CharacterUV.uasset" 372
"../../../../../GitHub/Raw-Brawler/RawBrawler/Content/PlayerCharacter/Skins/Textures/Character_UV.uasset" 373
"../../../../../GitHub/Raw-Brawler/RawBrawler/Content/SFX/anvil_impact_Cue.uasset" 374
"../../../../../GitHub/Raw-Brawler/RawBrawler/Content/SFX/GunShot.uasset" 375
"../../../../../GitHub/Raw-Brawler/RawBrawler/Content/SFX/GunShot_Cue.uasset" 376
"../../../../../GitHub/Raw-Brawler/RawBrawler/Content/SFX/Heavy_Punch_Cue.uasset" 377
"../../../../../GitHub/Raw-Brawler/RawBrawler/Content/Splash/EdSplash.uasset" 378
"../../../../../GitHub/Raw-Brawler/RawBrawler/Content/Splash/Splash.uasset" 379
"../../../../../GitHub/Raw-Brawler/RawBrawler/Content/StarterContent/Materials/M_Basic_Wall.uasset" 380
"../../../../../GitHub/Raw-Brawler/RawBrawler/Content/StarterContent/Architecture/Pillar_50x500.uasset" 381
"../../../../../GitHub/Raw-Brawler/RawBrawler/Content/StarterContent/Architecture/Wall_400x300.uasset" 382
"../../../../../GitHub/Raw-Brawler/RawBrawler/Content/StarterContent/Architecture/Wall_400x400.uasset" 383
"../../../../../GitHub/Raw-Brawler/RawBrawler/Content/StarterContent/Architecture/Wall_500x500.uasset" 384
"../../../../../GitHub/Raw-Brawler/RawBrawler/Content/StarterContent/Architecture/Wall_Door_400x400.uasset" 385
"../../../../../GitHub/Raw-Brawler/RawBrawler/Content/StarterContent/Architecture/Wall_Window_400x400.uasset" 386
"../../../../../GitHub/Raw-Brawler/RawBrawler/Content/StarterContent/Audio/Collapse01.uasset" 387
"../../../../../GitHub/Raw-Brawler/RawBrawler/Content/StarterContent/Audio/Collapse02.uasset" 388
"../../../../../GitHub/Raw-Brawler/RawBrawler/Content/StarterContent/Audio/Explosion01.uasset" 389
"../../../../../GitHub/Raw-Brawler/RawBrawler/Content/StarterContent/Audio/Explosion02.uasset" 390
"../../../../../GitHub/Raw-Brawler/RawBrawler/Content/StarterContent/Audio/Fire01.uasset" 391
"../../../../../GitHub/Raw-Brawler/RawBrawler/Content/StarterContent/Audio/Fire_Sparks01.uasset" 392
"../../../../../GitHub/Raw-Brawler/RawBrawler/Content/StarterContent/Audio/Light01.uasset" 393
"../../../../../GitHub/Raw-Brawler/RawBrawler/Content/StarterContent/Audio/Light01_Cue.uasset" 394
"../../../../../GitHub/Raw-Brawler/RawBrawler/Content/StarterContent/Audio/Light02.uasset" 395
"../../../../../GitHub/Raw-Brawler/RawBrawler/Content/StarterContent/Audio/Light02_Cue.uasset" 396
"../../../../../GitHub/Raw-Brawler/RawBrawler/Content/StarterContent/Audio/Smoke01.uasset" 397
"../../../../../GitHub/Raw-Brawler/RawBrawler/Content/StarterContent/Audio/Starter_Birds01.uasset" 398
"../../../../../GitHub/Raw-Brawler/RawBrawler/Content/StarterContent/Audio/Starter_Music01.uasset" 399
"../../../../../GitHub/Raw-Brawler/RawBrawler/Content/StarterContent/Audio/Starter_Wind05.uasset" 400
"../../../../../GitHub/Raw-Brawler/RawBrawler/Content/StarterContent/Audio/Starter_Wind06.uasset" 401
"../../../../../GitHub/Raw-Brawler/RawBrawler/Content/StarterContent/Audio/Steam01.uasset" 402
"../../../../../GitHub/Raw-Brawler/RawBrawler/Content/StarterContent/Audio/Explosion_Cue.uasset" 403
"../../../../../GitHub/Raw-Brawler/RawBrawler/Content/StarterContent/Textures/T_Burst_M.uasset" 404
"../../../../../GitHub/Raw-Brawler/RawBrawler/Content/StarterContent/Particles/Materials/M_Burst.uasset" 405
"../../../../../GitHub/Raw-Brawler/RawBrawler/Content/StarterContent/Textures/T_Explosion_SubUV.uasset" 406
"../../../../../GitHub/Raw-Brawler/RawBrawler/Content/StarterContent/Particles/Materials/M_explosion_subUV.uasset" 407
"../../../../../GitHub/Raw-Brawler/RawBrawler/Content/StarterContent/Particles/Materials/m_flare_01.uasset" 408
"../../../Engine/Content/Functions/Engine_MaterialFunctions01/Gradient/RadialGradient.uasset" 409
"../../../../../GitHub/Raw-Brawler/RawBrawler/Content/StarterContent/Particles/Materials/M_radial_ramp.uasset" 410
"../../../../../GitHub/Raw-Brawler/RawBrawler/Content/StarterContent/Textures/T_Smoke_SubUV.uasset" 411
"../../../../../GitHub/Raw-Brawler/RawBrawler/Content/StarterContent/Textures/T_Smoke_Tiled_D.uasset" 412
"../../../../../GitHub/Raw-Brawler/RawBrawler/Content/StarterContent/Particles/Materials/M_smoke_subUV.uasset" 413
"../../../../../GitHub/Raw-Brawler/RawBrawler/Content/StarterContent/Particles/P_Explosion.uasset" 414
"../../../../../GitHub/Raw-Brawler/RawBrawler/Content/StarterContent/Blueprints/Blueprint_Effect_Explosion.uasset" 415
"../../../Engine/Content/EditorMeshes/ColorCalibrator/T_ColorGrid.uasset" 416
"../../../../../GitHub/Raw-Brawler/RawBrawler/Content/StarterContent/Materials/M_ColorGrid_LowSpec.uasset" 417
"../../../../../GitHub/Raw-Brawler/RawBrawler/Content/StarterContent/Textures/T_Bush_D.uasset" 418
"../../../../../GitHub/Raw-Brawler/RawBrawler/Content/StarterContent/Textures/T_Bush_N.uasset" 419
"../../../../../GitHub/Raw-Brawler/RawBrawler/Content/StarterContent/Props/Materials/M_Bush.uasset" 420
"../../../../../GitHub/Raw-Brawler/RawBrawler/Content/StarterContent/Props/SM_Bush.uasset" 421
"../../../../../GitHub/Raw-Brawler/RawBrawler/Content/StarterContent/Textures/T_Chair_M.uasset" 422
"../../../../../GitHub/Raw-Brawler/RawBrawler/Content/StarterContent/Textures/T_Chair_N.uasset" 423
"../../../../../GitHub/Raw-Brawler/RawBrawler/Content/StarterContent/Props/Materials/M_Chair.uasset" 424
"../../../../../GitHub/Raw-Brawler/RawBrawler/Content/StarterContent/Props/SM_Couch.uasset" 425
"../../../../../GitHub/Raw-Brawler/RawBrawler/Content/StarterContent/Materials/M_Glass.uasset" 426
"../../../../../GitHub/Raw-Brawler/RawBrawler/Content/StarterContent/Textures/T_Door_M.uasset" 427
"../../../../../GitHub/Raw-Brawler/RawBrawler/Content/StarterContent/Textures/T_Door_N.uasset" 428
"../../../../../GitHub/Raw-Brawler/RawBrawler/Content/StarterContent/Props/Materials/M_Door.uasset" 429
"../../../../../GitHub/Raw-Brawler/RawBrawler/Content/StarterContent/Props/SM_Door.uasset" 430
"../../../../../GitHub/Raw-Brawler/RawBrawler/Content/StarterContent/Props/Materials/M_MaterialSphere.uasset" 431
"../../../../../GitHub/Raw-Brawler/RawBrawler/Content/StarterContent/Props/Materials/M_MaterialSphere_Plain.uasset" 432
"../../../../../GitHub/Raw-Brawler/RawBrawler/Content/StarterContent/Props/SM_MatPreviewMesh_02.uasset" 433
"../../../../../GitHub/Raw-Brawler/RawBrawler/Content/StarterContent/Textures/T_Shelf_M.uasset" 434
"../../../../../GitHub/Raw-Brawler/RawBrawler/Content/StarterContent/Textures/T_Shelf_N.uasset" 435
"../../../../../GitHub/Raw-Brawler/RawBrawler/Content/StarterContent/Props/Materials/M_Shelf.uasset" 436
"../../../../../GitHub/Raw-Brawler/RawBrawler/Content/StarterContent/Props/SM_Shelf.uasset" 437
"../../../../../GitHub/Raw-Brawler/RawBrawler/Content/StarterContent/Materials/M_Basic_Floor.uasset" 438
"../../../../../GitHub/Raw-Brawler/RawBrawler/Content/StarterContent/Props/SM_Stairs.uasset" 439
"../../../../../GitHub/Raw-Brawler/RawBrawler/Content/StarterContent/Shapes/Shape_Cone.uasset" 440
"../../../../../GitHub/Raw-Brawler/RawBrawler/Content/StarterContent/Shapes/Shape_Cylinder.uasset" 441
"../../../../../GitHub/Raw-Brawler/RawBrawler/Content/StarterContent/Shapes/Shape_NarrowCapsule.uasset" 442
"../../../../../GitHub/Raw-Brawler/RawBrawler/Content/StarterContent/Shapes/Shape_Pipe.uasset" 443
"../../../../../GitHub/Raw-Brawler/RawBrawler/Content/StarterContent/Shapes/Shape_Pipe_180.uasset" 444
"../../../../../GitHub/Raw-Brawler/RawBrawler/Content/StarterContent/Shapes/Shape_Pipe_90.uasset" 445
"../../../../../GitHub/Raw-Brawler/RawBrawler/Content/StarterContent/Shapes/Shape_Plane.uasset" 446
"../../../../../GitHub/Raw-Brawler/RawBrawler/Content/StarterContent/Shapes/Shape_Torus.uasset" 447
"../../../../../GitHub/Raw-Brawler/RawBrawler/Content/StarterContent/Shapes/Shape_Trim.uasset" 448
"../../../../../GitHub/Raw-Brawler/RawBrawler/Content/StarterContent/Shapes/Shape_Trim_90_In.uasset" 449
"../../../../../GitHub/Raw-Brawler/RawBrawler/Content/StarterContent/Shapes/Shape_Trim_90_Out.uasset" 450
"../../../../../GitHub/Raw-Brawler/RawBrawler/Content/StarterContent/Shapes/Shape_TriPyramid.uasset" 451
"../../../../../GitHub/Raw-Brawler/RawBrawler/Content/StarterContent/Shapes/Shape_Tube.uasset" 452
"../../../../../GitHub/Raw-Brawler/RawBrawler/Content/StarterContent/Shapes/Shape_Wedge_A.uasset" 453
"../../../../../GitHub/Raw-Brawler/RawBrawler/Content/StarterContent/Shapes/Shape_Wedge_B.uasset" 454
"../../../../../GitHub/Raw-Brawler/RawBrawler/Content/StarterContent/Shapes/Shape_WideCapsule.uasset" 455
"../../../../../GitHub/Raw-Brawler/RawBrawler/Content/Textures/Noise/Noise_1.uasset" 456
"../../../../../GitHub/Raw-Brawler/RawBrawler/Content/Textures/Noise/Noise_5.uasset" 457
"../../../../../GitHub/Raw-Brawler/RawBrawler/Content/Textures/Noise/Noise_6.uasset" 458
"../../../../../GitHub/Raw-Brawler/RawBrawler/Content/Textures/Noise/Noise_Mat1.uasset" 459
"../../../../../GitHub/Raw-Brawler/RawBrawler/Content/Textures/Noise/Noise_Mat1_Inst.uasset" 460
"../../../../../GitHub/Raw-Brawler/RawBrawler/Content/Textures/Noise/Noise_3.uasset" 461
"../../../../../GitHub/Raw-Brawler/RawBrawler/Content/Textures/Noise/Noise_Mat2_Inst.uasset" 462
"../../../../../GitHub/Raw-Brawler/RawBrawler/Content/ThirdPerson/Meshes/RampMaterial.uasset" 463
"../../../../../GitHub/Raw-Brawler/RawBrawler/Content/ThirdPerson/Meshes/Bump_StaticMesh.uasset" 464
"../../../../../GitHub/Raw-Brawler/RawBrawler/Content/ThirdPerson/Meshes/LeftArm_StaticMesh.uasset" 465
"../../../../../GitHub/Raw-Brawler/RawBrawler/Content/ThirdPerson/Meshes/Linear_Stair_StaticMesh.uasset" 466
"../../../../../GitHub/Raw-Brawler/RawBrawler/Content/ThirdPerson/Meshes/Ramp_StaticMesh.uasset" 467
"../../../../../GitHub/Raw-Brawler/RawBrawler/Content/ThirdPerson/Meshes/RightArm_StaticMesh.uasset" 468
"../../../../../GitHub/Raw-Brawler/RawBrawler/Content/ThirdPersonBP/Blueprints/BrawlerHUD.uasset" 469
"../../../../../GitHub/Raw-Brawler/RawBrawler/Content/ThirdPersonBP/Blueprints/ThirdPersonGameMode.uasset" 470
"../../../../../GitHub/Raw-Brawler/RawBrawler/Content/VFX/Impact_Particle.uasset" 471
"../../../../../GitHub/Raw-Brawler/RawBrawler/Content/VFX/Icons/HP_Icon_2.uasset" 472
"../../../../../GitHub/Raw-Brawler/RawBrawler/Content/VFX/Icons/HP_Icon_1.uasset" 473
"../../../../../GitHub/Raw-Brawler/RawBrawler/Content/VFX/Icons/HP_Icon_Mat1.uasset" 474
"../../../../../GitHub/Raw-Brawler/RawBrawler/Content/VFX/Icons/SelectIcon_Inst.uasset" 475
"../../../../../GitHub/Raw-Brawler/RawBrawler/Content/VFX/Icons/SelectIcon_Inst1.uasset" 476
"../../../../../GitHub/Raw-Brawler/RawBrawler/Content/VFX/Textures/HitParticle_1.uasset" 477
"../../../../../GitHub/Raw-Brawler/RawBrawler/Content/VFX/Textures/HitParticle_2.uasset" 478
"../../../../../GitHub/Raw-Brawler/RawBrawler/Content/VFX/Textures/HitParticle_3.uasset" 479
"../../../../../GitHub/Raw-Brawler/RawBrawler/Content/VFX/Textures/HitParticle_Sheet.uasset" 480
"../../../../../GitHub/Raw-Brawler/RawBrawler/Content/VFX/Textures/ImpactParticle_1.uasset" 481
"../../../../../GitHub/Raw-Brawler/RawBrawler/Content/VFX/Textures/ImpactParticle_2.uasset" 482
"../../../../../GitHub/Raw-Brawler/RawBrawler/Content/VFX/Textures/ImpactParticle_3.uasset" 483
"../../../../../GitHub/Raw-Brawler/RawBrawler/Content/VFX/Textures/ImpactParticle_4.uasset" 484
"../../../../../GitHub/Raw-Brawler/RawBrawler/Content/VFX/Textures/ImpactParticle_5.uasset" 485
"../../../../../GitHub/Raw-Brawler/RawBrawler/Content/VFX/Textures/LashParticle_1.uasset" 486
"../../../../../GitHub/Raw-Brawler/RawBrawler/Content/VFX/Textures/LashParticle_10.uasset" 487
"../../../../../GitHub/Raw-Brawler/RawBrawler/Content/VFX/Textures/LashParticle_2.uasset" 488
"../../../../../GitHub/Raw-Brawler/RawBrawler/Content/VFX/Textures/LashParticle_3.uasset" 489
"../../../../../GitHub/Raw-Brawler/RawBrawler/Content/VFX/Textures/LashParticle_4.uasset" 490
"../../../../../GitHub/Raw-Brawler/RawBrawler/Content/VFX/Textures/LashParticle_5.uasset" 491
"../../../../../GitHub/Raw-Brawler/RawBrawler/Content/VFX/Textures/LashParticle_6.uasset" 492
"../../../../../GitHub/Raw-Brawler/RawBrawler/Content/VFX/Textures/LashParticle_7.uasset" 493
"../../../../../GitHub/Raw-Brawler/RawBrawler/Content/VFX/Textures/LashParticle_8.uasset" 494
"../../../../../GitHub/Raw-Brawler/RawBrawler/Content/VFX/Textures/LashParticle_9.uasset" 495
"../../../../../GitHub/Raw-Brawler/RawBrawler/Content/VFX/Textures/SliceParticle_1.uasset" 496
"../../../../../GitHub/Raw-Brawler/RawBrawler/Content/VFX/Textures/SliceParticle_2.uasset" 497
"../../../../../GitHub/Raw-Brawler/RawBrawler/Content/VFX/Textures/SliceParticle_3.uasset" 498
"../../../Engine/Content/ArtTools/RenderToTexture/Meshes/S_1_Unit_Plane.uasset" 499
"../../../Engine/Content/EngineMaterials/DefaultMaterial.uasset" 500
"../../../Engine/Content/BasicShapes/Cone.uasset" 501
"../../../Engine/Content/BasicShapes/Sphere.uasset" 502
"../../../Engine/Content/EditorLandscapeResources/DataLayer.uasset" 503
"../../../Engine/Content/EditorMaterials/GizmoMaterial.uasset" 504
"../../../Engine/Content/EditorMaterials/MAT_Groups_Toggle.uasset" 505
"../../../Engine/Content/EditorMaterials/MAT_Groups_Visibility.uasset" 506
"../../../Engine/Content/EditorMaterials/PreviewShadowIndicator.uasset" 507
"../../../Engine/Content/EditorMaterials/PreviewShadowIndicatorMaterial.uasset" 508
"../../../Engine/Content/EditorMaterials/MatineeGroups/MAT_ColorTrack.uasset" 509
"../../../Engine/Content/EditorMaterials/MatineeGroups/MAT_Groups_Anim.uasset" 510
"../../../Engine/Content/EditorMaterials/MatineeGroups/MAT_Groups_AudioMaster.uasset" 511
"../../../Engine/Content/EditorMaterials/MatineeGroups/MAT_Groups_Director.uasset" 512
"../../../Engine/Content/EditorMaterials/MatineeGroups/MAT_Groups_Event.uasset" 513
"../../../Engine/Content/EditorMaterials/MatineeGroups/MAT_Groups_Fade.uasset" 514
"../../../Engine/Content/EditorMaterials/MatineeGroups/MAT_Groups_Float.uasset" 515
"../../../Engine/Content/EditorMaterials/MatineeGroups/MAT_Groups_Move.uasset" 516
"../../../Engine/Content/EditorMaterials/MatineeGroups/MAT_Groups_Slomo.uasset" 517
"../../../Engine/Content/EditorMaterials/MatineeGroups/MAT_Groups_Sound.uasset" 518
"../../../Engine/Content/EditorMaterials/MatineeGroups/MAT_Groups_Vector.uasset" 519
"../../../Engine/Content/EditorMaterials/ParticleSystems/PSysThumbnail_NoImage.uasset" 520
"../../../Engine/Content/EditorMaterials/ParticleSystems/PSysThumbnail_OOD.uasset" 521
"../../../Engine/Content/EditorMaterials/Camera/CineMat.uasset" 522
"../../../Engine/Content/EditorMaterials/Camera/MI_CineMat_Rig.uasset" 523
"../../../Engine/Content/EditorMeshes/Camera/SM_CraneRig_Arm.uasset" 524
"../../../Engine/Content/EditorMeshes/Camera/SM_CraneRig_Base.uasset" 525
"../../../Engine/Content/EditorMeshes/Camera/SM_CraneRig_Body.uasset" 526
"../../../Engine/Content/EditorMeshes/Camera/SM_CraneRig_Mount.uasset" 527
"../../../Engine/Content/EditorMeshes/Camera/SM_RailRig_Mount.uasset" 528
"../../../Engine/Content/EditorMeshes/Camera/SM_RailRig_Track.uasset" 529
"../../../Engine/Content/EditorResources/BSPVertex.uasset" 530
"../../../Engine/Content/EditorResources/EmptyActor.uasset" 531
"../../../Engine/Content/EditorResources/S_Actor.uasset" 532
"../../../Engine/Content/EditorResources/S_Trigger.uasset" 533
"../../../Engine/Content/EditorResources/AudioIcons/S_AudioComponent.uasset" 534
"../../../Engine/Content/EditorResources/AudioIcons/S_AudioComponent_AutoActivate.uasset" 535
"../../../Engine/Content/EditorResources/LightIcons/S_LightError.uasset" 536
"../../../Engine/Content/EditorResources/SequenceRecorder/Countdown.uasset" 537
"../../../Engine/Content/EditorResources/SequenceRecorder/RecordingIndicator.uasset" 538
"../../../Engine/Content/EditorSounds/Notifications/CompileFailed.uasset" 539
"../../../Engine/Content/EditorSounds/Notifications/CompileFailed_Cue.uasset" 540
"../../../Engine/Content/EditorSounds/Notifications/CompileSuccess.uasset" 541
"../../../Engine/Content/EditorSounds/Notifications/CompileStart_Cue.uasset" 542
"../../../Engine/Content/EditorSounds/Notifications/CompileSuccess_Cue.uasset" 543
"../../../Engine/Content/EngineDamageTypes/DmgTypeBP_Environmental.uasset" 544
"../../../Engine/Content/EngineDebugMaterials/HeatmapGradient.uasset" 545
"../../../Engine/Content/EngineDebugMaterials/BoneWeightMaterial.uasset" 546
"../../../Engine/Content/EngineDebugMaterials/ClothMaterial.uasset" 547
"../../../Engine/Content/EngineDebugMaterials/ClothMaterial_WF.uasset" 548
"../../../Engine/Content/EngineDebugMaterials/DebugEditorMaterial.uasset" 549
"../../../Engine/Content/EngineDebugMaterials/DebugMeshMaterial.uasset" 550
"../../../Engine/Content/EngineDebugMaterials/GeomMaterial.uasset" 551
"../../../Engine/Content/EngineDebugMaterials/M_SimpleTranslucent.uasset" 552
"../../../Engine/Content/EngineFonts/Faces/RobotoBold.uasset" 553
"../../../Engine/Content/EngineFonts/Faces/RobotoBoldItalic.uasset" 554
"../../../Engine/Content/EngineFonts/Faces/RobotoItalic.uasset" 555
"../../../Engine/Content/EngineFonts/Faces/RobotoLight.uasset" 556
"../../../Engine/Content/EngineFonts/Faces/RobotoRegular.uasset" 557
"../../../Engine/Content/EngineFonts/Roboto.uasset" 558
"../../../Engine/Content/EngineFonts/Faces/RobotoTiny.uasset" 559
"../../../Engine/Content/EngineFonts/RobotoTiny.uasset" 560
"../../../Engine/Content/EngineMaterials/BaseFlattenDiffuseMap.uasset" 561
"../../../Engine/Content/EngineMaterials/BaseFlattenEmissiveMap.uasset" 562
"../../../Engine/Content/EngineMaterials/BaseFlattenGrayscaleMap.uasset" 563
"../../../Engine/Content/EngineMaterials/BaseFlattenNormalMap.uasset" 564
"../../../Engine/Content/EngineMaterials/BaseFlattenMaterial.uasset" 565
"../../../Engine/Content/EngineMaterials/DefaultBloomKernel.uasset" 566
"../../../Engine/Content/EngineMaterials/DefaultBokeh.uasset" 567
"../../../Engine/Content/EngineMaterials/DefaultDeferredDecalMaterial.uasset" 568
"../../../Engine/Content/EngineMaterials/DefaultLightFunctionMaterial.uasset" 569
"../../../Engine/Content/EngineMaterials/DefaultPhysicalMaterial.uasset" 570
"../../../Engine/Content/EngineMaterials/DefaultPostProcessMaterial.uasset" 571
"../../../Engine/Content/EngineFonts/RobotoDistanceField.uasset" 572
"../../../Engine/Content/EngineMaterials/DefaultTextMaterialOpaque.uasset" 573
"../../../Engine/Content/EngineMaterials/DefaultWhiteGrid.uasset" 574
"../../../Engine/Content/EngineMaterials/EditorBrushMaterial.uasset" 575
"../../../Engine/Content/EngineMaterials/Good64x64TilingNoiseHighFreq.uasset" 576
"../../../Engine/Content/EngineMaterials/MiniFont.uasset" 577
"../../../Engine/Content/EngineMaterials/InvalidLightmapSettings.uasset" 578
"../../../Engine/Content/EngineMaterials/M_InvalidLightmapSettings.uasset" 579
"../../../Engine/Content/Functions/Engine_MaterialFunctions02/WorldPositionOffset/CameraOffset.uasset" 580
"../../../Engine/Content/EngineMaterials/PhAT_JointLimitMaterial.uasset" 581
"../../../Engine/Content/EngineMaterials/PreintegratedSkinBRDF.uasset" 582
"../../../Engine/Content/EngineMaterials/RemoveSurfaceMaterial.uasset" 583
"../../../Engine/Content/EngineMaterials/WeightMapPlaceholderTexture.uasset" 584
"../../../Engine/Content/EngineResources/WhiteSquareTexture.uasset" 585
"../../../Engine/Content/EngineMaterials/Widget3DPassThrough.uasset" 586
"../../../Engine/Content/EngineMaterials/Widget3DPassThrough_Masked.uasset" 587
"../../../Engine/Content/EngineMaterials/Widget3DPassThrough_Opaque.uasset" 588
"../../../Engine/Content/EngineMaterials/Widget3DPassThrough_Masked_OneSided.uasset" 589
"../../../Engine/Content/EngineMaterials/Widget3DPassThrough_Opaque_OneSided.uasset" 590
"../../../Engine/Content/EngineMaterials/Widget3DPassThrough_Translucent.uasset" 591
"../../../Engine/Content/EngineMaterials/Widget3DPassThrough_Translucent_OneSided.uasset" 592
"../../../Engine/Content/EngineMeshes/Cylinder.uasset" 593
"../../../Engine/Content/EngineResources/Black.uasset" 594
"../../../Engine/Content/EngineResources/DefaultTexture.uasset" 595
"../../../Engine/Content/EngineResources/DefaultTextureCube.uasset" 596
"../../../Engine/Content/EngineResources/DefaultVolumeTexture2D.uasset" 597
"../../../Engine/Content/EngineResources/DefaultVolumeTexture.uasset" 598
"../../../Engine/Content/EngineResources/GradientTexture0.uasset" 599
"../../../Engine/Content/EngineSounds/Master.uasset" 600
"../../../Engine/Content/Functions/Engine_MaterialFunctions01/Shading/ConvertFromDiffSpec.uasset" 601
"../../../Engine/Content/Functions/Engine_MaterialFunctions01/Shading/PowerToRoughness.uasset" 602
"../../../Engine/Content/Maps/Templates/Thumbnails/Default.uasset" 603
"../../../Engine/Content/Maps/Templates/Thumbnails/VR-Basic.uasset" 604
"../../../Engine/Content/MobileResources/T_MobileControls_texture.uasset" 605
"../../../Engine/Content/MobileResources/T_MobileMenu2.uasset" 606
"../../../Engine/Content/MobileResources/HUD/AnalogHat.uasset" 607
"../../../Engine/Content/MobileResources/HUD/VirtualJoystick_Background.uasset" 608
"../../../Engine/Content/MobileResources/HUD/VirtualJoystick_Thumb.uasset" 609
"../../../Engine/Content/MobileResources/HUD/DefaultVirtualJoysticks.uasset" 610
"../../../Engine/Content/MobileResources/HUD/LeftVirtualJoystickOnly.uasset" 611
"../../../Engine/Content/MobileResources/HUD/MobileHUDButton1_off.uasset" 612
"../../../Engine/Content/MobileResources/HUD/MobileHUDButton1_on.uasset" 613
"../../../Engine/Content/MobileResources/HUD/MobileHUDButton2_off.uasset" 614
"../../../Engine/Content/MobileResources/HUD/MobileHUDButton2_on.uasset" 615
"../../../Engine/Content/MobileResources/HUD/MobileHUDButton3.uasset" 616
"../../../Engine/Content/MobileResources/HUD/MobileHUDButtonFire.uasset" 617
"../../../Engine/Content/MobileResources/HUD/MobileHUDDirectionPad.uasset" 618
"../../../Engine/Content/MobileResources/HUD/MobileHUDDirectionPad2.uasset" 619
"../../../Engine/Content/MobileResources/HUD/MobileHUDDirectionPad3.uasset" 620
"../../../Engine/Content/MobileResources/HUD/MobileHUDDirectionStick.uasset" 621
"../../../Engine/Content/MobileResources/HUD/T_Castle_ThumbstickInner.uasset" 622
"../../../Engine/Content/MobileResources/HUD/T_Castle_ThumbstickOutter.uasset" 623
"../../../Engine/Content/Tutorial/ContentIntroCurve.uasset" 624
"../../../Engine/Content/Tutorial/BlueprintTutorials/TutorialAssets/Blueprint_64x.uasset" 625
"../../../Engine/Content/VREditor/LaserPointer/VR_LaserPower_01.uasset" 626
"../../../Engine/Content/VREditor/TransformGizmo/TransformGizmoMaterial.uasset" 627
"../../../Engine/Content/VREditor/TransformGizmo/TranslucentTransformGizmoMaterial.uasset" 628
"../../../Engine/Content/VREditor/TransformGizmo/BoundingBoxCorner.uasset" 629
"../../../Engine/Content/VREditor/TransformGizmo/BoundingBoxEdge.uasset" 630
"../../../Engine/Content/VREditor/TransformGizmo/PlaneTranslationHandle.uasset" 631
"../../../Engine/Content/VREditor/TransformGizmo/Main.uasset" 632
"../../../Engine/Content/VREditor/TransformGizmo/Xray.uasset" 633
"../../../Engine/Content/VREditor/TransformGizmo/SM_Sequencer_Key.uasset" 634
"../../../Engine/Content/VREditor/TransformGizmo/SM_Sequencer_Node.uasset" 635
"../../Plugins/2D/Paper2D/Content/PlaceholderTextures/DummySpriteTexture.uasset" 636
"../../Plugins/2D/Paper2D/Content/DummySprite.uasset" 637
"../../Plugins/2D/Paper2D/Content/DefaultPaperTerrainMaterial.uasset" 638
"../../Plugins/2D/Paper2D/Content/DefaultSpriteMaterial.uasset" 639
"../../Plugins/2D/Paper2D/Content/MaskedUnlitSpriteMaterial.uasset" 640
"../../Plugins/2D/Paper2D/Content/OpaqueUnlitSpriteMaterial.uasset" 641
"../../Plugins/Runtime/Oculus/OculusVR/Content/Materials/PokeAHoleMaterial.uasset" 642
"../../Plugins/Runtime/Oculus/OculusVR/Content/Textures/GearVRController_AO.uasset" 643
"../../Plugins/Runtime/Oculus/OculusVR/Content/Textures/GearVRController_Color.uasset" 644
"../../Plugins/Runtime/Oculus/OculusVR/Content/Textures/GearVRController_Normal.uasset" 645
"../../Plugins/Runtime/Oculus/OculusVR/Content/Materials/GearVRControllerMaterial.uasset" 646
"../../Plugins/Runtime/Oculus/OculusVR/Content/Meshes/GearVrController.uasset" 647
"../../Plugins/Runtime/Oculus/OculusVR/Content/Textures/touchController_albedo.uasset" 648
"../../Plugins/Runtime/Oculus/OculusVR/Content/Textures/touchController_controlmap.uasset" 649
"../../Plugins/Runtime/Oculus/OculusVR/Content/Materials/touchController_mat.uasset" 650
"../../Plugins/Runtime/Oculus/OculusVR/Content/Meshes/LeftTouchController.uasset" 651
"../../Plugins/Runtime/Oculus/OculusVR/Content/Meshes/RiftHMD.uasset" 652
"../../Plugins/Runtime/Oculus/OculusVR/Content/Meshes/RightTouchController.uasset" 653
"../../../../../GitHub/Raw-Brawler/RawBrawler/Content/StarterContent/Blueprints/Assets/FogBrightnessLUT.uasset" 654
"../../../../../GitHub/Raw-Brawler/RawBrawler/Content/StarterContent/Blueprints/Assets/SunlightColorLUT.uasset" 655
"../../../../../GitHub/Raw-Brawler/RawBrawler/Content/StarterContent/Blueprints/Assets/M_LightStage_Arrows.uasset" 656
"../../../Engine/Content/MapTemplates/Sky/DaylightAmbientCubemap.uasset" 657
"../../../../../GitHub/Raw-Brawler/RawBrawler/Content/StarterContent/Blueprints/Assets/M_LightStage_Skybox_Master.uasset" 658
"../../../../../GitHub/Raw-Brawler/RawBrawler/Content/StarterContent/Blueprints/Assets/M_LightStage_Skybox_Black.uasset" 659
"../../../../../GitHub/Raw-Brawler/RawBrawler/Content/StarterContent/Blueprints/Assets/M_LightStage_Skybox_HDRI.uasset" 660
"../../../Engine/Content/EditorMaterials/Thumbnails/SkySphereMaterial.uasset" 661
"../../../../../GitHub/Raw-Brawler/RawBrawler/Content/StarterContent/Blueprints/Assets/Skybox.uasset" 662
"../../../../../GitHub/Raw-Brawler/RawBrawler/Content/StarterContent/Blueprints/Assets/SM_Arrows.uasset" 663
"../../../../../GitHub/Raw-Brawler/RawBrawler/Content/StarterContent/HDRI/HDRI_Epic_Courtyard_Daylight.uasset" 664
"../../../../../GitHub/Raw-Brawler/RawBrawler/Content/StarterContent/Blueprints/BP_LightStudio.uasset" 665
"../../../../../GitHub/Raw-Brawler/RawBrawler/Content/StarterContent/Maps/Advanced_Lighting_BuiltData.uasset" 666
"../../../../../GitHub/Raw-Brawler/RawBrawler/Content/StarterContent/Materials/M_AssetPlatform.uasset" 667
"../../../Engine/Content/EditorMeshes/ColorCalibrator/M_ChromeBall.uasset" 668
"../../../Engine/Content/EditorMeshes/ColorCalibrator/M_ClearCoat.uasset" 669
"../../../Engine/Content/EditorMeshes/ColorCalibrator/M_ClearCoatBlack.uasset" 670
"../../../Engine/Content/EditorMeshes/ColorCalibrator/Color_checker.uasset" 671
"../../../Engine/Content/EditorMeshes/ColorCalibrator/M_ColorGrid.uasset" 672
"../../../Engine/Content/EditorMeshes/ColorCalibrator/M_GreyBall.uasset" 673
"../../../Engine/Content/EditorMeshes/ColorCalibrator/SM_ColorCalibrator.uasset" 674
"../../../../../GitHub/Raw-Brawler/RawBrawler/Content/StarterContent/Architecture/SM_AssetPlatform.uasset" 675
"../../../../../GitHub/Raw-Brawler/RawBrawler/Content/StarterContent/Maps/Advanced_Lighting.umap" 676
"../../../Engine/Content/EngineSky/C_Sky_Cloud_Color.uasset" 677
"../../../Engine/Content/EngineSky/C_Sky_Horizon_Color.uasset" 678
"../../../Engine/Content/EngineSky/C_Sky_Zenith_Color.uasset" 679
"../../../Engine/Content/EngineSky/T_Sky_Blue.uasset" 680
"../../../Engine/Content/EngineSky/T_Sky_Clouds_M.uasset" 681
"../../../Engine/Content/EngineSky/T_Sky_Stars.uasset" 682
"../../../Engine/Content/EngineSky/M_Sky_Panning_Clouds2.uasset" 683
"../../../Engine/Content/EngineSky/SM_SkySphere.uasset" 684
"../../../Engine/Content/EngineSky/BP_Sky_Sphere.uasset" 685
"../../../../../GitHub/Raw-Brawler/RawBrawler/Content/StarterContent/Maps/Minimal_Default_BuiltData.uasset" 686
"../../../../../GitHub/Raw-Brawler/RawBrawler/Content/StarterContent/Textures/T_MacroVariation.uasset" 687
"../../../../../GitHub/Raw-Brawler/RawBrawler/Content/StarterContent/Materials/M_Metal_Brushed_Nickel.uasset" 688
"../../../../../GitHub/Raw-Brawler/RawBrawler/Content/StarterContent/Textures/T_Metal_Aluminum_D.uasset" 689
"../../../../../GitHub/Raw-Brawler/RawBrawler/Content/StarterContent/Textures/T_Metal_Gold_N.uasset" 690
"../../../../../GitHub/Raw-Brawler/RawBrawler/Content/StarterContent/Materials/M_Metal_Burnished_Steel.uasset" 691
"../../../../../GitHub/Raw-Brawler/RawBrawler/Content/StarterContent/Textures/T_Metal_Copper_D.uasset" 692
"../../../../../GitHub/Raw-Brawler/RawBrawler/Content/StarterContent/Materials/M_Metal_Copper.uasset" 693
"../../../../../GitHub/Raw-Brawler/RawBrawler/Content/StarterContent/Textures/T_Statue_M.uasset" 694
"../../../../../GitHub/Raw-Brawler/RawBrawler/Content/StarterContent/Textures/T_Statue_N.uasset" 695
"../../../../../GitHub/Raw-Brawler/RawBrawler/Content/StarterContent/Props/Materials/M_StatueGlass.uasset" 696
"../../../../../GitHub/Raw-Brawler/RawBrawler/Content/StarterContent/Architecture/Floor_400x400.uasset" 697
"../../../../../GitHub/Raw-Brawler/RawBrawler/Content/StarterContent/Audio/Starter_Background_Cue.uasset" 698
"../../../../../GitHub/Raw-Brawler/RawBrawler/Content/StarterContent/Props/SM_Chair.uasset" 699
"../../../../../GitHub/Raw-Brawler/RawBrawler/Content/StarterContent/Props/Materials/M_Statue.uasset" 700
"../../../../../GitHub/Raw-Brawler/RawBrawler/Content/StarterContent/Props/SM_Statue.uasset" 701
"../../../../../GitHub/Raw-Brawler/RawBrawler/Content/StarterContent/Textures/T_TableRound_M.uasset" 702
"../../../../../GitHub/Raw-Brawler/RawBrawler/Content/StarterContent/Textures/T_TableRound_N.uasset" 703
"../../../../../GitHub/Raw-Brawler/RawBrawler/Content/StarterContent/Props/Materials/M_TableRound.uasset" 704
"../../../../../GitHub/Raw-Brawler/RawBrawler/Content/StarterContent/Props/SM_TableRound.uasset" 705
"../../../../../GitHub/Raw-Brawler/RawBrawler/Content/StarterContent/Maps/Minimal_Default.umap" 706
"../../../../../GitHub/Raw-Brawler/RawBrawler/Content/StarterContent/Audio/Fire01_Cue.uasset" 707
"../../../../../GitHub/Raw-Brawler/RawBrawler/Content/StarterContent/Textures/T_Fire_SubUV.uasset" 708
"../../../../../GitHub/Raw-Brawler/RawBrawler/Content/StarterContent/Textures/T_Fire_Tiled_D.uasset" 709
"../../../../../GitHub/Raw-Brawler/RawBrawler/Content/StarterContent/Particles/Materials/M_Fire_SubUV.uasset" 710
"../../../../../GitHub/Raw-Brawler/RawBrawler/Content/StarterContent/Textures/T_Water_N.uasset" 711
"../../../../../GitHub/Raw-Brawler/RawBrawler/Content/StarterContent/Particles/Materials/M_Heat_Distortion.uasset" 712
"../../../../../GitHub/Raw-Brawler/RawBrawler/Content/StarterContent/Particles/Materials/M_Radial_Gradient.uasset" 713
"../../../../../GitHub/Raw-Brawler/RawBrawler/Content/StarterContent/Particles/P_Fire.uasset" 714
"../../../../../GitHub/Raw-Brawler/RawBrawler/Content/StarterContent/Blueprints/Blueprint_Effect_Fire.uasset" 715
"../../../../../GitHub/Raw-Brawler/RawBrawler/Content/StarterContent/Audio/Smoke01_Cue.uasset" 716
"../../../../../GitHub/Raw-Brawler/RawBrawler/Content/StarterContent/Particles/P_Smoke.uasset" 717
"../../../../../GitHub/Raw-Brawler/RawBrawler/Content/StarterContent/Blueprints/Blueprint_Effect_Smoke.uasset" 718
"../../../../../GitHub/Raw-Brawler/RawBrawler/Content/StarterContent/Audio/Fire_Sparks01_Cue.uasset" 719
"../../../../../GitHub/Raw-Brawler/RawBrawler/Content/StarterContent/Textures/T_Spark_Core.uasset" 720
"../../../../../GitHub/Raw-Brawler/RawBrawler/Content/StarterContent/Particles/Materials/M_Spark.uasset" 721
"../../../../../GitHub/Raw-Brawler/RawBrawler/Content/StarterContent/Particles/P_Sparks.uasset" 722
"../../../../../GitHub/Raw-Brawler/RawBrawler/Content/StarterContent/Blueprints/Blueprint_Effect_Sparks.uasset" 723
"../../../../../GitHub/Raw-Brawler/RawBrawler/Content/StarterContent/Audio/Steam01_Cue.uasset" 724
"../../../../../GitHub/Raw-Brawler/RawBrawler/Content/StarterContent/Particles/P_Steam_Lit.uasset" 725
"../../../../../GitHub/Raw-Brawler/RawBrawler/Content/StarterContent/Blueprints/Blueprint_Effect_Steam.uasset" 726
"../../../../../GitHub/Raw-Brawler/RawBrawler/Content/StarterContent/Textures/T_Lamp_M.uasset" 727
"../../../../../GitHub/Raw-Brawler/RawBrawler/Content/StarterContent/Textures/T_Lamp_N.uasset" 728
"../../../../../GitHub/Raw-Brawler/RawBrawler/Content/StarterContent/Props/Materials/M_Lamp.uasset" 729
"../../../../../GitHub/Raw-Brawler/RawBrawler/Content/StarterContent/Props/SM_Lamp_Ceiling.uasset" 730
"../../../../../GitHub/Raw-Brawler/RawBrawler/Content/StarterContent/Blueprints/Blueprint_CeilingLight.uasset" 731
"../../../../../GitHub/Raw-Brawler/RawBrawler/Content/StarterContent/Props/SM_Lamp_Wall.uasset" 732
"../../../../../GitHub/Raw-Brawler/RawBrawler/Content/StarterContent/Blueprints/Blueprint_WallSconce.uasset" 733
"../../../../../GitHub/Raw-Brawler/RawBrawler/Content/StarterContent/Maps/StarterMap_BuiltData.uasset" 734
"../../../Engine/Content/Functions/Engine_MaterialFunctions03/Procedurals/ComputeFilterWidth.uasset" 735
"../../../Engine/Content/EngineMaterials/AntiAliasedTextMaterialTranslucent.uasset" 736
"../../../../../GitHub/Raw-Brawler/RawBrawler/Content/StarterContent/Textures/T_Brick_Clay_Beveled_D.uasset" 737
"../../../../../GitHub/Raw-Brawler/RawBrawler/Content/StarterContent/Textures/T_Brick_Clay_Beveled_M.uasset" 738
"../../../../../GitHub/Raw-Brawler/RawBrawler/Content/StarterContent/Textures/T_Brick_Clay_Beveled_N.uasset" 739
"../../../../../GitHub/Raw-Brawler/RawBrawler/Content/StarterContent/Materials/M_Brick_Clay_Beveled.uasset" 740
"../../../../../GitHub/Raw-Brawler/RawBrawler/Content/StarterContent/Textures/T_Brick_Clay_New_D.uasset" 741
"../../../../../GitHub/Raw-Brawler/RawBrawler/Content/StarterContent/Textures/T_Brick_Clay_New_M.uasset" 742
"../../../../../GitHub/Raw-Brawler/RawBrawler/Content/StarterContent/Textures/T_Brick_Clay_New_N.uasset" 743
"../../../../../GitHub/Raw-Brawler/RawBrawler/Content/StarterContent/Textures/T_Detail_Rocky_N.uasset" 744
"../../../../../GitHub/Raw-Brawler/RawBrawler/Content/StarterContent/Materials/M_Brick_Clay_New.uasset" 745
"../../../../../GitHub/Raw-Brawler/RawBrawler/Content/StarterContent/Textures/T_Brick_Clay_Old_D.uasset" 746
"../../../../../GitHub/Raw-Brawler/RawBrawler/Content/StarterContent/Textures/T_Brick_Clay_Old_N.uasset" 747
"../../../../../GitHub/Raw-Brawler/RawBrawler/Content/StarterContent/Textures/T_Perlin_Noise_M.uasset" 748
"../../../../../GitHub/Raw-Brawler/RawBrawler/Content/StarterContent/Materials/M_Brick_Clay_Old.uasset" 749
"../../../../../GitHub/Raw-Brawler/RawBrawler/Content/StarterContent/Textures/T_Brick_Cut_Stone_D.uasset" 750
"../../../../../GitHub/Raw-Brawler/RawBrawler/Content/StarterContent/Textures/T_Brick_Cut_Stone_N.uasset" 751
"../../../../../GitHub/Raw-Brawler/RawBrawler/Content/StarterContent/Materials/M_Brick_Cut_Stone.uasset" 752
"../../../../../GitHub/Raw-Brawler/RawBrawler/Content/StarterContent/Textures/T_Brick_Hewn_Stone_D.uasset" 753
"../../../../../GitHub/Raw-Brawler/RawBrawler/Content/StarterContent/Textures/T_Brick_Hewn_Stone_M.uasset" 754
"../../../../../GitHub/Raw-Brawler/RawBrawler/Content/StarterContent/Textures/T_Brick_Hewn_Stone_N.uasset" 755
"../../../../../GitHub/Raw-Brawler/RawBrawler/Content/StarterContent/Materials/M_Brick_Hewn_Stone.uasset" 756
"../../../../../GitHub/Raw-Brawler/RawBrawler/Content/StarterContent/Textures/T_Ceramic_Tile_M.uasset" 757
"../../../../../GitHub/Raw-Brawler/RawBrawler/Content/StarterContent/Textures/T_Ceramic_Tile_N.uasset" 758
"../../../../../GitHub/Raw-Brawler/RawBrawler/Content/StarterContent/Textures/T_Rock_Marble_Polished_D.uasset" 759
"../../../../../GitHub/Raw-Brawler/RawBrawler/Content/StarterContent/Materials/M_Ceramic_Tile_Checker.uasset" 760
"../../../../../GitHub/Raw-Brawler/RawBrawler/Content/StarterContent/Textures/T_CobbleStone_Pebble_D.uasset" 761
"../../../../../GitHub/Raw-Brawler/RawBrawler/Content/StarterContent/Textures/T_CobbleStone_Pebble_M.uasset" 762
"../../../../../GitHub/Raw-Brawler/RawBrawler/Content/StarterContent/Textures/T_CobbleStone_Pebble_N.uasset" 763
"../../../../../GitHub/Raw-Brawler/RawBrawler/Content/StarterContent/Materials/M_CobbleStone_Pebble.uasset" 764
"../../../../../GitHub/Raw-Brawler/RawBrawler/Content/StarterContent/Textures/T_CobbleStone_Rough_D.uasset" 765
"../../../../../GitHub/Raw-Brawler/RawBrawler/Content/StarterContent/Textures/T_CobbleStone_Rough_N.uasset" 766
"../../../../../GitHub/Raw-Brawler/RawBrawler/Content/StarterContent/Textures/T_Gradinet_01.uasset" 767
"../../../../../GitHub/Raw-Brawler/RawBrawler/Content/StarterContent/Textures/T_Rock_Smooth_Granite_D.uasset" 768
"../../../../../GitHub/Raw-Brawler/RawBrawler/Content/StarterContent/Materials/M_CobbleStone_Rough.uasset" 769
"../../../../../GitHub/Raw-Brawler/RawBrawler/Content/StarterContent/Textures/T_CobbleStone_Smooth_D.uasset" 770
"../../../../../GitHub/Raw-Brawler/RawBrawler/Content/StarterContent/Textures/T_CobbleStone_Smooth_M.uasset" 771
"../../../../../GitHub/Raw-Brawler/RawBrawler/Content/StarterContent/Textures/T_CobbleStone_Smooth_N.uasset" 772
"../../../../../GitHub/Raw-Brawler/RawBrawler/Content/StarterContent/Materials/M_CobbleStone_Smooth.uasset" 773
"../../../../../GitHub/Raw-Brawler/RawBrawler/Content/StarterContent/Textures/T_Concrete_Grime_D.uasset" 774
"../../../../../GitHub/Raw-Brawler/RawBrawler/Content/StarterContent/Textures/T_Metal_Rust_N.uasset" 775
"../../../../../GitHub/Raw-Brawler/RawBrawler/Content/StarterContent/Materials/M_Concrete_Grime.uasset" 776
"../../../../../GitHub/Raw-Brawler/RawBrawler/Content/StarterContent/Textures/T_Concrete_Panels_D.uasset" 777
"../../../../../GitHub/Raw-Brawler/RawBrawler/Content/StarterContent/Textures/T_Concrete_Panels_N.uasset" 778
"../../../../../GitHub/Raw-Brawler/RawBrawler/Content/StarterContent/Materials/M_Concrete_Panels.uasset" 779
"../../../../../GitHub/Raw-Brawler/RawBrawler/Content/StarterContent/Textures/T_Concrete_Poured_D.uasset" 780
"../../../../../GitHub/Raw-Brawler/RawBrawler/Content/StarterContent/Textures/T_Concrete_Poured_N.uasset" 781
"../../../../../GitHub/Raw-Brawler/RawBrawler/Content/StarterContent/Materials/M_Concrete_Poured.uasset" 782
"../../../../../GitHub/Raw-Brawler/RawBrawler/Content/StarterContent/Textures/T_Concrete_Tiles_D.uasset" 783
"../../../../../GitHub/Raw-Brawler/RawBrawler/Content/StarterContent/Textures/T_Concrete_Tiles_M.uasset" 784
"../../../../../GitHub/Raw-Brawler/RawBrawler/Content/StarterContent/Textures/T_Concrete_Tiles_N.uasset" 785
"../../../../../GitHub/Raw-Brawler/RawBrawler/Content/StarterContent/Textures/T_Concrete_Tiles_Variation_M.uasset" 786
"../../../../../GitHub/Raw-Brawler/RawBrawler/Content/StarterContent/Materials/M_Concrete_Tiles.uasset" 787
"../../../../../GitHub/Raw-Brawler/RawBrawler/Content/StarterContent/Textures/T_Ground_Grass_D.uasset" 788
"../../../../../GitHub/Raw-Brawler/RawBrawler/Content/StarterContent/Textures/T_Ground_Grass_N.uasset" 789
"../../../../../GitHub/Raw-Brawler/RawBrawler/Content/StarterContent/Materials/M_Ground_Grass.uasset" 790
"../../../../../GitHub/Raw-Brawler/RawBrawler/Content/StarterContent/Textures/T_Ground_Gravel_D.uasset" 791
"../../../../../GitHub/Raw-Brawler/RawBrawler/Content/StarterContent/Textures/T_Ground_Gravel_N.uasset" 792
"../../../../../GitHub/Raw-Brawler/RawBrawler/Content/StarterContent/Materials/M_Ground_Gravel.uasset" 793
"../../../../../GitHub/Raw-Brawler/RawBrawler/Content/StarterContent/Textures/T_ground_Moss_D.uasset" 794
"../../../../../GitHub/Raw-Brawler/RawBrawler/Content/StarterContent/Textures/T_Ground_Moss_N.uasset" 795
"../../../../../GitHub/Raw-Brawler/RawBrawler/Content/StarterContent/Materials/M_Ground_Moss.uasset" 796
"../../../../../GitHub/Raw-Brawler/RawBrawler/Content/StarterContent/Materials/M_Metal_Chrome.uasset" 797
"../../../../../GitHub/Raw-Brawler/RawBrawler/Content/StarterContent/Textures/T_Metal_Gold_D.uasset" 798
"../../../../../GitHub/Raw-Brawler/RawBrawler/Content/StarterContent/Materials/M_Metal_Gold.uasset" 799
"../../../../../GitHub/Raw-Brawler/RawBrawler/Content/StarterContent/Textures/T_Metal_Rust_D.uasset" 800
"../../../../../GitHub/Raw-Brawler/RawBrawler/Content/StarterContent/Materials/M_Metal_Rust.uasset" 801
"../../../../../GitHub/Raw-Brawler/RawBrawler/Content/StarterContent/Textures/T_Metal_Steel_D.uasset" 802
"../../../../../GitHub/Raw-Brawler/RawBrawler/Content/StarterContent/Textures/T_Metal_Steel_N.uasset" 803
"../../../../../GitHub/Raw-Brawler/RawBrawler/Content/StarterContent/Materials/M_Metal_Steel.uasset" 804
"../../../../../GitHub/Raw-Brawler/RawBrawler/Content/StarterContent/Textures/T_Rock_Basalt_D.uasset" 805
"../../../../../GitHub/Raw-Brawler/RawBrawler/Content/StarterContent/Textures/T_Rock_Basalt_N.uasset" 806
"../../../../../GitHub/Raw-Brawler/RawBrawler/Content/StarterContent/Materials/M_Rock_Basalt.uasset" 807
"../../../../../GitHub/Raw-Brawler/RawBrawler/Content/StarterContent/Materials/M_Rock_Marble_Polished.uasset" 808
"../../../../../GitHub/Raw-Brawler/RawBrawler/Content/StarterContent/Textures/T_Rock_Sandstone_D.uasset" 809
"../../../../../GitHub/Raw-Brawler/RawBrawler/Content/StarterContent/Textures/T_Rock_Sandstone_N.uasset" 810
"../../../../../GitHub/Raw-Brawler/RawBrawler/Content/StarterContent/Materials/M_Rock_Sandstone.uasset" 811
"../../../../../GitHub/Raw-Brawler/RawBrawler/Content/StarterContent/Textures/T_Rock_Slate_D.uasset" 812
"../../../../../GitHub/Raw-Brawler/RawBrawler/Content/StarterContent/Textures/T_Rock_Slate_N.uasset" 813
"../../../../../GitHub/Raw-Brawler/RawBrawler/Content/StarterContent/Materials/M_Rock_Slate.uasset" 814
"../../../../../GitHub/Raw-Brawler/RawBrawler/Content/StarterContent/Textures/T_Checker_Noise_M.uasset" 815
"../../../../../GitHub/Raw-Brawler/RawBrawler/Content/StarterContent/Textures/T_Single_Tile_N.uasset" 816
"../../../../../GitHub/Raw-Brawler/RawBrawler/Content/StarterContent/Textures/T_Tech_Dot_M.uasset" 817
"../../../../../GitHub/Raw-Brawler/RawBrawler/Content/StarterContent/Textures/T_Tech_Dot_N.uasset" 818
"../../../../../GitHub/Raw-Brawler/RawBrawler/Content/StarterContent/Materials/M_Tech_Checker_Dot.uasset" 819
"../../../../../GitHub/Raw-Brawler/RawBrawler/Content/StarterContent/Textures/T_Tech_Hex_Tile_M.uasset" 820
"../../../../../GitHub/Raw-Brawler/RawBrawler/Content/StarterContent/Textures/T_Tech_Hex_Tile_N.uasset" 821
"../../../../../GitHub/Raw-Brawler/RawBrawler/Content/StarterContent/Materials/M_Tech_Hex_Tile.uasset" 822
"../../../../../GitHub/Raw-Brawler/RawBrawler/Content/StarterContent/Materials/M_Tech_Hex_Tile_Pulse.uasset" 823
"../../../../../GitHub/Raw-Brawler/RawBrawler/Content/StarterContent/Textures/T_Tech_Panel_M.uasset" 824
"../../../../../GitHub/Raw-Brawler/RawBrawler/Content/StarterContent/Textures/T_Tech_Panel_N.uasset" 825
"../../../../../GitHub/Raw-Brawler/RawBrawler/Content/StarterContent/Materials/M_Tech_Panel.uasset" 826
"../../../../../GitHub/Raw-Brawler/RawBrawler/Content/StarterContent/Materials/M_Water_Lake.uasset" 827
"../../../../../GitHub/Raw-Brawler/RawBrawler/Content/StarterContent/Textures/T_Water_M.uasset" 828
"../../../../../GitHub/Raw-Brawler/RawBrawler/Content/StarterContent/Materials/M_Water_Ocean.uasset" 829
"../../../../../GitHub/Raw-Brawler/RawBrawler/Content/StarterContent/Textures/T_Wood_Floor_Walnut_D.uasset" 830
"../../../../../GitHub/Raw-Brawler/RawBrawler/Content/StarterContent/Textures/T_Wood_Floor_Walnut_M.uasset" 831
"../../../../../GitHub/Raw-Brawler/RawBrawler/Content/StarterContent/Textures/T_Wood_Floor_Walnut_N.uasset" 832
"../../../../../GitHub/Raw-Brawler/RawBrawler/Content/StarterContent/Materials/M_Wood_Floor_Walnut_Polished.uasset" 833
"../../../Engine/Content/Functions/Engine_MaterialFunctions01/Opacity/AlphaOffset.uasset" 834
"../../../../../GitHub/Raw-Brawler/RawBrawler/Content/StarterContent/Materials/M_Wood_Floor_Walnut_Worn.uasset" 835
"../../../../../GitHub/Raw-Brawler/RawBrawler/Content/StarterContent/Textures/T_Wood_Oak_D.uasset" 836
"../../../../../GitHub/Raw-Brawler/RawBrawler/Content/StarterContent/Textures/T_Wood_Oak_N.uasset" 837
"../../../../../GitHub/Raw-Brawler/RawBrawler/Content/StarterContent/Materials/M_Wood_Oak.uasset" 838
"../../../../../GitHub/Raw-Brawler/RawBrawler/Content/StarterContent/Textures/T_Wood_Pine_D.uasset" 839
"../../../../../GitHub/Raw-Brawler/RawBrawler/Content/StarterContent/Textures/T_Wood_Pine_N.uasset" 840
"../../../../../GitHub/Raw-Brawler/RawBrawler/Content/StarterContent/Materials/M_Wood_Pine.uasset" 841
"../../../../../GitHub/Raw-Brawler/RawBrawler/Content/StarterContent/Textures/T_Wood_Walnut_D.uasset" 842
"../../../../../GitHub/Raw-Brawler/RawBrawler/Content/StarterContent/Textures/T_Wood_Walnut_N.uasset" 843
"../../../../../GitHub/Raw-Brawler/RawBrawler/Content/StarterContent/Materials/M_Wood_Walnut.uasset" 844
"../../../../../GitHub/Raw-Brawler/RawBrawler/Content/StarterContent/Architecture/Wall_400x200.uasset" 845
"../../../../../GitHub/Raw-Brawler/RawBrawler/Content/StarterContent/Architecture/Wall_Door_400x300.uasset" 846
"../../../../../GitHub/Raw-Brawler/RawBrawler/Content/StarterContent/Architecture/Wall_Window_400x300.uasset" 847
"../../../../../GitHub/Raw-Brawler/RawBrawler/Content/StarterContent/Audio/Collapse_Cue.uasset" 848
"../../../../../GitHub/Raw-Brawler/RawBrawler/Content/StarterContent/Audio/Starter_Music_Cue.uasset" 849
"../../../../../GitHub/Raw-Brawler/RawBrawler/Content/StarterContent/Textures/T_Dust_Particle_D.uasset" 850
"../../../../../GitHub/Raw-Brawler/RawBrawler/Content/StarterContent/Particles/Materials/M_Dust_Particle.uasset" 851
"../../../../../GitHub/Raw-Brawler/RawBrawler/Content/StarterContent/Particles/P_Ambient_Dust.uasset" 852
"../../../../../GitHub/Raw-Brawler/RawBrawler/Content/StarterContent/Props/MaterialSphere.uasset" 853
"../../../../../GitHub/Raw-Brawler/RawBrawler/Content/StarterContent/Textures/T_Frame_M.uasset" 854
"../../../../../GitHub/Raw-Brawler/RawBrawler/Content/StarterContent/Textures/T_Frame_N.uasset" 855
"../../../../../GitHub/Raw-Brawler/RawBrawler/Content/StarterContent/Props/Materials/M_Frame.uasset" 856
"../../../../../GitHub/Raw-Brawler/RawBrawler/Content/StarterContent/Props/SM_CornerFrame.uasset" 857
"../../../../../GitHub/Raw-Brawler/RawBrawler/Content/StarterContent/Props/SM_DoorFrame.uasset" 858
"../../../../../GitHub/Raw-Brawler/RawBrawler/Content/StarterContent/Props/SM_GlassWindow.uasset" 859
"../../../../../GitHub/Raw-Brawler/RawBrawler/Content/StarterContent/Props/SM_PillarFrame.uasset" 860
"../../../../../GitHub/Raw-Brawler/RawBrawler/Content/StarterContent/Props/SM_PillarFrame300.uasset" 861
"../../../../../GitHub/Raw-Brawler/RawBrawler/Content/StarterContent/Props/SM_WindowFrame.uasset" 862
"../../../../../GitHub/Raw-Brawler/RawBrawler/Content/StarterContent/Shapes/Shape_Cube.uasset" 863
"../../../../../GitHub/Raw-Brawler/RawBrawler/Content/StarterContent/Shapes/Shape_QuadPyramid.uasset" 864
"../../../../../GitHub/Raw-Brawler/RawBrawler/Content/StarterContent/Shapes/Shape_Sphere.uasset" 865
"../../../../../GitHub/Raw-Brawler/RawBrawler/Content/StarterContent/Maps/StarterMap.umap" 866
"../../../../../GitHub/Raw-Brawler/RawBrawler/Content/PlayerCharacter/Skins/Tool_Invisible.uasset" 867
"../../../Engine/Content/BasicShapes/Cylinder.uasset" 868
"../../../../../GitHub/Raw-Brawler/RawBrawler/Content/PlayerCharacter/DummyFighter.uasset" 869
"../../../../../GitHub/Raw-Brawler/RawBrawler/Content/Geometry/Meshes/1M_Cube.uasset" 870
"../../../../../GitHub/Raw-Brawler/RawBrawler/Content/PlayerCharacter/Car_Fighter.uasset" 871
"../../../../../GitHub/Raw-Brawler/RawBrawler/Content/PlayerCharacter/DummyFighter1.uasset" 872
"../../../../../GitHub/Raw-Brawler/RawBrawler/Content/PlayerCharacter/VendingMachine_Fighter.uasset" 873
"../../../../../GitHub/Raw-Brawler/RawBrawler/Content/PlayerCharacter/Skins/CustomSkin_1.uasset" 874
"../../../../../GitHub/Raw-Brawler/RawBrawler/Content/PlayerCharacter/Skins/CustomSkin_10.uasset" 875
"../../../../../GitHub/Raw-Brawler/RawBrawler/Content/PlayerCharacter/Skins/CustomSkin_11.uasset" 876
"../../../../../GitHub/Raw-Brawler/RawBrawler/Content/PlayerCharacter/Skins/CustomSkin_12.uasset" 877
"../../../../../GitHub/Raw-Brawler/RawBrawler/Content/PlayerCharacter/Skins/CustomSkin_13.uasset" 878
"../../../../../GitHub/Raw-Brawler/RawBrawler/Content/PlayerCharacter/Skins/CustomSkin_14.uasset" 879
"../../../../../GitHub/Raw-Brawler/RawBrawler/Content/PlayerCharacter/Skins/CustomSkin_15.uasset" 880
"../../../../../GitHub/Raw-Brawler/RawBrawler/Content/PlayerCharacter/Skins/CustomSkin_16.uasset" 881
"../../../../../GitHub/Raw-Brawler/RawBrawler/Content/PlayerCharacter/Skins/CustomSkin_17.uasset" 882
"../../../../../GitHub/Raw-Brawler/RawBrawler/Content/PlayerCharacter/Skins/CustomSkin_18.uasset" 883
"../../../../../GitHub/Raw-Brawler/RawBrawler/Content/PlayerCharacter/Skins/CustomSkin_2.uasset" 884
"../../../../../GitHub/Raw-Brawler/RawBrawler/Content/PlayerCharacter/Skins/CustomSkin_3.uasset" 885
"../../../../../GitHub/Raw-Brawler/RawBrawler/Content/PlayerCharacter/Skins/CustomSkin_4.uasset" 886
"../../../../../GitHub/Raw-Brawler/RawBrawler/Content/PlayerCharacter/Skins/CustomSkin_5.uasset" 887
"../../../../../GitHub/Raw-Brawler/RawBrawler/Content/PlayerCharacter/Skins/CustomSKin_6.uasset" 888
"../../../../../GitHub/Raw-Brawler/RawBrawler/Content/PlayerCharacter/Skins/CustomSkin_7.uasset" 889
"../../../../../GitHub/Raw-Brawler/RawBrawler/Content/PlayerCharacter/Skins/CustomSkin_8.uasset" 890
"../../../../../GitHub/Raw-Brawler/RawBrawler/Content/PlayerCharacter/Skins/CustomSkin_9.uasset" 891
"../../../../../GitHub/Raw-Brawler/RawBrawler/Content/SFX/Temple_Bell.uasset" 892
"../../../../../GitHub/Raw-Brawler/RawBrawler/Content/SFX/Temple_Bell_Cue.uasset" 893
"../../../../../GitHub/Raw-Brawler/RawBrawler/Content/SFX/Zen_Temple_Bell.uasset" 894
"../../../../../GitHub/Raw-Brawler/RawBrawler/Content/SFX/Zen_Temple_Bell_Cue.uasset" 895
"../../../../../GitHub/Raw-Brawler/RawBrawler/Content/VFX/GreenFire_particle.uasset" 896
"../../../../../GitHub/Raw-Brawler/RawBrawler/Content/VFX/Lightning2_particle.uasset" 897
"../../../../../GitHub/Raw-Brawler/RawBrawler/Content/VFX/Lightning_particle.uasset" 898
"../../../../../GitHub/Raw-Brawler/RawBrawler/Content/VFX/Trail_Mat.uasset" 899
"../../../../../GitHub/Raw-Brawler/RawBrawler/Content/VFX/Trail_Particle.uasset" 900
"../../../../../GitHub/Raw-Brawler/RawBrawler/Content/VFX/Trail_Particle1.uasset" 901
"../../../../../GitHub/Raw-Brawler/RawBrawler/Content/PlayerCharacter/AI_Spawner.uasset" 902
"../../../../../GitHub/Raw-Brawler/RawBrawler/Content/ThirdPersonBP/Maps/ConstructionSite_Map_BuiltData.uasset" 903
"../../../../../GitHub/Raw-Brawler/RawBrawler/Content/AdvancedCelShader/CelShader/Presets/CelShaderNewsprint.uasset" 904
"../../../../../GitHub/Raw-Brawler/RawBrawler/Content/AdvancedCelShader/CelShader/Presets/CelShaderNewsprint_Inst.uasset" 905
"../../../Engine/Content/BasicShapes/Cube.uasset" 906
"../../../../../GitHub/Raw-Brawler/RawBrawler/Content/SFX/Music/RawBrawlers_Audio_4.uasset" 907
"../../../../../GitHub/Raw-Brawler/RawBrawler/Content/SFX/Music/RawBrawlers_Audio_4_Cue.uasset" 908
"../../../../../GitHub/Raw-Brawler/RawBrawler/Content/StarterContent/Textures/T_RockMesh_M.uasset" 909
"../../../../../GitHub/Raw-Brawler/RawBrawler/Content/StarterContent/Textures/T_RockMesh_N.uasset" 910
"../../../../../GitHub/Raw-Brawler/RawBrawler/Content/StarterContent/Props/Materials/M_Rock.uasset" 911
"../../../../../GitHub/Raw-Brawler/RawBrawler/Content/StarterContent/Props/SM_Rock.uasset" 912
"../../../../../GitHub/Raw-Brawler/RawBrawler/Content/ThirdPersonBP/Maps/ConstructionSite_Map.umap" 913
"../../../../../GitHub/Raw-Brawler/RawBrawler/Content/ThirdPersonBP/Maps/Dojo_Map_BuiltData.uasset" 914
"../../../Engine/Content/Functions/Engine_MaterialFunctions02/Utility/LinearSine.uasset" 915
"../../../Engine/Content/Functions/Engine_MaterialFunctions02/Utility/VectorLength.uasset" 916
"../../../../../GitHub/Raw-Brawler/RawBrawler/Content/AdvancedCelShader/Water/Textures/Ripple.uasset" 917
"../../../../../GitHub/Raw-Brawler/RawBrawler/Content/AdvancedCelShader/Landscape/Textures/water_bump.uasset" 918
"../../../../../GitHub/Raw-Brawler/RawBrawler/Content/AdvancedCelShader/Landscape/Textures/water_bump2.uasset" 919
"../../../../../GitHub/Raw-Brawler/RawBrawler/Content/AdvancedCelShader/Water/Textures/foam2.uasset" 920
"../../../../../GitHub/Raw-Brawler/RawBrawler/Content/AdvancedCelShader/Water/Textures/ocean_normal.uasset" 921
"../../../../../GitHub/Raw-Brawler/RawBrawler/Content/AdvancedCelShader/Water/Materials/CartoonWater.uasset" 922
"../../../../../GitHub/Raw-Brawler/RawBrawler/Content/Geometry/Meshes/TemplateFloor.uasset" 923
"../../../../../GitHub/Raw-Brawler/RawBrawler/Content/SFX/Music/RawBrawlers_Audio_3.uasset" 924
"../../../../../GitHub/Raw-Brawler/RawBrawler/Content/SFX/Music/RawBrawlers_Audio_3_Cue.uasset" 925
"../../../../../GitHub/Raw-Brawler/RawBrawler/Content/ThirdPersonBP/Maps/Dojo_Map.umap" 926
"../../../../../GitHub/Raw-Brawler/RawBrawler/Content/ThirdPersonBP/Maps/RawStage_Map_BuiltData.uasset" 927
"../../../../../GitHub/Raw-Brawler/RawBrawler/Content/SFX/Music/RawBrawlers_Audio_1.uasset" 928
"../../../../../GitHub/Raw-Brawler/RawBrawler/Content/SFX/Music/RawBrawlers_Audio_1_Cue.uasset" 929
"../../../../../GitHub/Raw-Brawler/RawBrawler/Content/ThirdPersonBP/Maps/RawStage_Map.umap" 930
"../../../../../GitHub/Raw-Brawler/RawBrawler/Content/ThirdPersonBP/Maps/Rooftop_Map_BuiltData.uasset" 931
"../../../../../GitHub/Raw-Brawler/RawBrawler/Content/VFX/Textures/Basic.uasset" 932
"../../../../../GitHub/Raw-Brawler/RawBrawler/Content/VFX/Textures/Basic_Inst.uasset" 933
"../../../../../GitHub/Raw-Brawler/RawBrawler/Content/SFX/Music/RawBrawlers_Audio_2.uasset" 934
"../../../../../GitHub/Raw-Brawler/RawBrawler/Content/SFX/Music/RawBrawlers_Audio_2_Cue.uasset" 935
"../../../../../GitHub/Raw-Brawler/RawBrawler/Content/ThirdPersonBP/Maps/Rooftop_Map.umap" 936
"../../../../../GitHub/Raw-Brawler/RawBrawler/Content/ThirdPersonBP/Maps/Streets_Map_BuiltData.uasset" 937
"../../../../../GitHub/Raw-Brawler/RawBrawler/Content/VFX/Glow.uasset" 938
"../../../../../GitHub/Raw-Brawler/RawBrawler/Content/VFX/Glow_Inst.uasset" 939
"../../../../../GitHub/Raw-Brawler/RawBrawler/Content/VFX/Glow_Inst1.uasset" 940
"../../../../../GitHub/Raw-Brawler/RawBrawler/Content/Geometry/Meshes/tunnel.uasset" 941
"../../../../../GitHub/Raw-Brawler/RawBrawler/Content/ThirdPersonBP/Maps/Streets_Map.umap" 942
"../../../../../GitHub/Raw-Brawler/RawBrawler/Content/PlayerCharacter/Animations/Anim_FullTake.uasset" 943
"../../../../../GitHub/Raw-Brawler/RawBrawler/Content/ThirdPersonBP/Maps/ThirdPersonExampleMap_BuiltData.uasset" 944
"../../../../../GitHub/Raw-Brawler/RawBrawler/Content/PlayerCharacter/Skins/Skin_Hulk.uasset" 945
"../../../../../GitHub/Raw-Brawler/RawBrawler/Content/ThirdPersonBP/Maps/ThirdPersonExampleMap.umap" 946
"../../../../../GitHub/Raw-Brawler/RawBrawler/Content/ThirdPersonBP/Maps/WrestleRing_Map_BuiltData.uasset" 947
"../../../../../GitHub/Raw-Brawler/RawBrawler/Content/Geometry/Meshes/Ropes.uasset" 948
"../../../../../GitHub/Raw-Brawler/RawBrawler/Content/ThirdPersonBP/Maps/WrestleRing_Map.umap" 949
"../../../../../GitHub/Raw-Brawler/RawBrawler/Content/PlayerCharacter/Poses/KO_1.uasset" 950
"../../../../../GitHub/Raw-Brawler/RawBrawler/Content/PlayerCharacter/Poses/KO_2.uasset" 951
"../../../../../GitHub/Raw-Brawler/RawBrawler/Content/PlayerCharacter/Poses/KO_3.uasset" 952
"../../../../../GitHub/Raw-Brawler/RawBrawler/Content/PlayerCharacter/MannequinFighter.uasset" 953
"../../../../../GitHub/Raw-Brawler/RawBrawler/Content/UI/Camerapawn.uasset" 954
"../../../../../GitHub/Raw-Brawler/RawBrawler/Content/UI/ColourButton_Widget.uasset" 955
"../../../../../GitHub/Raw-Brawler/RawBrawler/Content/VFX/Textures/Dojo_Stage.uasset" 956
"../../../../../GitHub/Raw-Brawler/RawBrawler/Content/VFX/Textures/HighresScreenshot00002.uasset" 957
"../../../../../GitHub/Raw-Brawler/RawBrawler/Content/VFX/Textures/HighresScreenshot00005.uasset" 958
"../../../../../GitHub/Raw-Brawler/RawBrawler/Content/VFX/Textures/HighresScreenshot00008.uasset" 959
"../../../../../GitHub/Raw-Brawler/RawBrawler/Content/VFX/Textures/HighresScreenshot00009.uasset" 960
"../../../../../GitHub/Raw-Brawler/RawBrawler/Content/VFX/Textures/RawBrawler_Icon.uasset" 961
"../../../../../GitHub/Raw-Brawler/RawBrawler/Content/VFX/Textures/RawStage_Stage.uasset" 962
"../../../../../GitHub/Raw-Brawler/RawBrawler/Content/VFX/Textures/Rooftop_Stage.uasset" 963
"../../../../../GitHub/Raw-Brawler/RawBrawler/Content/VFX/Textures/WrestleRing_Stage.uasset" 964
"../../../../../GitHub/Raw-Brawler/RawBrawler/Content/UI/MainMenu.uasset" 965
"../../../../../GitHub/Raw-Brawler/RawBrawler/Content/UI/MainMenu_HUD.uasset" 966
"../../../../../GitHub/Raw-Brawler/RawBrawler/Content/UI/MainMenu_Gamemode.uasset" 967
"../../../../../GitHub/Raw-Brawler/RawBrawler/Content/UI/MainMenu_level_BuiltData.uasset" 968
"../../../../../GitHub/Raw-Brawler/RawBrawler/Content/UI/MainMenu_level.umap" 969
"../../../Engine/Content/Maps/Entry_BuiltData.uasset" 970
"../../../Engine/Content/Maps/Entry.umap" 971
